2025-05-30 04:00:54,257 [INFO] WebApp:191 - Connection restablished
2025-05-30 04:00:57,333 [INFO] WebApp:194 - Connection lost
2025-05-30 04:00:57,488 [INFO] WebApp:191 - Connection restablished
2025-05-30 11:40:44,979 [WARN] IP:2250 - SERVICE3_UUID not found: check if there is a RefParameter without a condition.
2025-05-30 11:40:44,983 [WARN] IP:2250 - SERVICE4_UUID not found: check if there is a RefParameter without a condition.
2025-05-30 11:40:44,986 [WARN] IP:2250 - SERVICE5_UUID not found: check if there is a RefParameter without a condition.
2025-05-30 11:40:45,103 [WARN] IP:2250 - SERVICE3_UUID not found: check if there is a RefParameter without a condition.
2025-05-30 11:40:45,106 [WARN] IP:2250 - SERVICE4_UUID not found: check if there is a RefParameter without a condition.
2025-05-30 11:40:45,111 [WARN] IP:2250 - SERVICE5_UUID not found: check if there is a RefParameter without a condition.
2025-05-30 11:40:45,275 [WARN] IP:2250 - SERVICE3_UUID not found: check if there is a RefParameter without a condition.
2025-05-30 11:40:45,280 [WARN] IP:2250 - SERVICE4_UUID not found: check if there is a RefParameter without a condition.
2025-05-30 11:40:45,285 [WARN] IP:2250 - SERVICE5_UUID not found: check if there is a RefParameter without a condition.
2025-05-30 11:40:55,423 [WARN] IP:2250 - SERVICE3_UUID not found: check if there is a RefParameter without a condition.
2025-05-30 11:40:55,425 [WARN] IP:2250 - SERVICE4_UUID not found: check if there is a RefParameter without a condition.
2025-05-30 11:40:55,428 [WARN] IP:2250 - SERVICE5_UUID not found: check if there is a RefParameter without a condition.
2025-05-30 11:40:55,492 [WARN] IP:2250 - SERVICE3_UUID not found: check if there is a RefParameter without a condition.
2025-05-30 11:40:55,496 [WARN] IP:2250 - SERVICE4_UUID not found: check if there is a RefParameter without a condition.
2025-05-30 11:40:55,505 [WARN] IP:2250 - SERVICE5_UUID not found: check if there is a RefParameter without a condition.
2025-05-30 11:40:55,584 [WARN] IP:2250 - SERVICE3_UUID not found: check if there is a RefParameter without a condition.
2025-05-30 11:40:55,587 [WARN] IP:2250 - SERVICE4_UUID not found: check if there is a RefParameter without a condition.
2025-05-30 11:40:55,590 [WARN] IP:2250 - SERVICE5_UUID not found: check if there is a RefParameter without a condition.
2025-05-30 11:41:08,564 [WARN] IP:2250 - SERVICE3_UUID not found: check if there is a RefParameter without a condition.
2025-05-30 11:41:08,566 [WARN] IP:2250 - SERVICE4_UUID not found: check if there is a RefParameter without a condition.
2025-05-30 11:41:08,567 [WARN] IP:2250 - SERVICE5_UUID not found: check if there is a RefParameter without a condition.
2025-05-30 11:41:08,631 [WARN] IP:2250 - SERVICE3_UUID not found: check if there is a RefParameter without a condition.
2025-05-30 11:41:08,633 [WARN] IP:2250 - SERVICE4_UUID not found: check if there is a RefParameter without a condition.
2025-05-30 11:41:08,635 [WARN] IP:2250 - SERVICE5_UUID not found: check if there is a RefParameter without a condition.
2025-05-30 11:41:08,716 [WARN] IP:2250 - SERVICE3_UUID not found: check if there is a RefParameter without a condition.
2025-05-30 11:41:08,719 [WARN] IP:2250 - SERVICE4_UUID not found: check if there is a RefParameter without a condition.
2025-05-30 11:41:08,721 [WARN] IP:2250 - SERVICE5_UUID not found: check if there is a RefParameter without a condition.
2025-05-30 11:41:09,947 [WARN] IP:2250 - SERVICE3_UUID not found: check if there is a RefParameter without a condition.
2025-05-30 11:41:09,949 [WARN] IP:2250 - SERVICE4_UUID not found: check if there is a RefParameter without a condition.
2025-05-30 11:41:09,951 [WARN] IP:2250 - SERVICE5_UUID not found: check if there is a RefParameter without a condition.
2025-05-30 11:41:10,029 [WARN] IP:2250 - SERVICE3_UUID not found: check if there is a RefParameter without a condition.
2025-05-30 11:41:10,031 [WARN] IP:2250 - SERVICE4_UUID not found: check if there is a RefParameter without a condition.
2025-05-30 11:41:10,033 [WARN] IP:2250 - SERVICE5_UUID not found: check if there is a RefParameter without a condition.
2025-05-30 11:41:10,139 [WARN] IP:2250 - SERVICE3_UUID not found: check if there is a RefParameter without a condition.
2025-05-30 11:41:10,142 [WARN] IP:2250 - SERVICE4_UUID not found: check if there is a RefParameter without a condition.
2025-05-30 11:41:10,146 [WARN] IP:2250 - SERVICE5_UUID not found: check if there is a RefParameter without a condition.
2025-05-30 11:41:27,835 [WARN] IP:2250 - SERVICE3_UUID not found: check if there is a RefParameter without a condition.
2025-05-30 11:41:27,837 [WARN] IP:2250 - SERVICE4_UUID not found: check if there is a RefParameter without a condition.
2025-05-30 11:41:27,839 [WARN] IP:2250 - SERVICE5_UUID not found: check if there is a RefParameter without a condition.
2025-05-30 11:41:27,900 [WARN] IP:2250 - SERVICE3_UUID not found: check if there is a RefParameter without a condition.
2025-05-30 11:41:27,903 [WARN] IP:2250 - SERVICE4_UUID not found: check if there is a RefParameter without a condition.
2025-05-30 11:41:27,904 [WARN] IP:2250 - SERVICE5_UUID not found: check if there is a RefParameter without a condition.
2025-05-30 11:41:27,980 [WARN] IP:2250 - SERVICE3_UUID not found: check if there is a RefParameter without a condition.
2025-05-30 11:41:27,982 [WARN] IP:2250 - SERVICE4_UUID not found: check if there is a RefParameter without a condition.
2025-05-30 11:41:27,984 [WARN] IP:2250 - SERVICE5_UUID not found: check if there is a RefParameter without a condition.
2025-05-30 11:41:29,872 [WARN] IP:2250 - SERVICE3_UUID not found: check if there is a RefParameter without a condition.
2025-05-30 11:41:29,875 [WARN] IP:2250 - SERVICE4_UUID not found: check if there is a RefParameter without a condition.
2025-05-30 11:41:29,877 [WARN] IP:2250 - SERVICE5_UUID not found: check if there is a RefParameter without a condition.
2025-05-30 11:41:29,935 [WARN] IP:2250 - SERVICE3_UUID not found: check if there is a RefParameter without a condition.
2025-05-30 11:41:29,937 [WARN] IP:2250 - SERVICE4_UUID not found: check if there is a RefParameter without a condition.
2025-05-30 11:41:29,939 [WARN] IP:2250 - SERVICE5_UUID not found: check if there is a RefParameter without a condition.
2025-05-30 11:41:30,020 [WARN] IP:2250 - SERVICE3_UUID not found: check if there is a RefParameter without a condition.
2025-05-30 11:41:30,022 [WARN] IP:2250 - SERVICE4_UUID not found: check if there is a RefParameter without a condition.
2025-05-30 11:41:30,025 [WARN] IP:2250 - SERVICE5_UUID not found: check if there is a RefParameter without a condition.
2025-05-30 11:41:39,812 [WARN] IP:2250 - SERVICE3_UUID not found: check if there is a RefParameter without a condition.
2025-05-30 11:41:39,814 [WARN] IP:2250 - SERVICE4_UUID not found: check if there is a RefParameter without a condition.
2025-05-30 11:41:39,815 [WARN] IP:2250 - SERVICE5_UUID not found: check if there is a RefParameter without a condition.
2025-05-30 11:41:39,871 [WARN] IP:2250 - SERVICE3_UUID not found: check if there is a RefParameter without a condition.
2025-05-30 11:41:39,874 [WARN] IP:2250 - SERVICE4_UUID not found: check if there is a RefParameter without a condition.
2025-05-30 11:41:39,876 [WARN] IP:2250 - SERVICE5_UUID not found: check if there is a RefParameter without a condition.
2025-05-30 11:41:39,949 [WARN] IP:2250 - SERVICE3_UUID not found: check if there is a RefParameter without a condition.
2025-05-30 11:41:39,951 [WARN] IP:2250 - SERVICE4_UUID not found: check if there is a RefParameter without a condition.
2025-05-30 11:41:39,953 [WARN] IP:2250 - SERVICE5_UUID not found: check if there is a RefParameter without a condition.
2025-05-30 11:41:45,175 [WARN] IP:2250 - SERVICE3_UUID not found: check if there is a RefParameter without a condition.
2025-05-30 11:41:45,177 [WARN] IP:2250 - SERVICE4_UUID not found: check if there is a RefParameter without a condition.
2025-05-30 11:41:45,179 [WARN] IP:2250 - SERVICE5_UUID not found: check if there is a RefParameter without a condition.
2025-05-30 11:41:45,241 [WARN] IP:2250 - SERVICE3_UUID not found: check if there is a RefParameter without a condition.
2025-05-30 11:41:45,243 [WARN] IP:2250 - SERVICE4_UUID not found: check if there is a RefParameter without a condition.
2025-05-30 11:41:45,245 [WARN] IP:2250 - SERVICE5_UUID not found: check if there is a RefParameter without a condition.
2025-05-30 11:41:45,315 [WARN] IP:2250 - SERVICE3_UUID not found: check if there is a RefParameter without a condition.
2025-05-30 11:41:45,317 [WARN] IP:2250 - SERVICE4_UUID not found: check if there is a RefParameter without a condition.
2025-05-30 11:41:45,319 [WARN] IP:2250 - SERVICE5_UUID not found: check if there is a RefParameter without a condition.
2025-05-30 11:42:12,438 [WARN] IP:2250 - SERVICE3_UUID not found: check if there is a RefParameter without a condition.
2025-05-30 11:42:12,440 [WARN] IP:2250 - SERVICE4_UUID not found: check if there is a RefParameter without a condition.
2025-05-30 11:42:12,442 [WARN] IP:2250 - SERVICE5_UUID not found: check if there is a RefParameter without a condition.
2025-05-30 11:42:12,491 [INFO] ParamManager:896 - [Generic UI] PropertyChangeEvent: TAB_STATUS_CHANGED , "dont care", "never mind"
2025-05-30 11:42:12,547 [WARN] IP:2250 - SERVICE3_UUID not found: check if there is a RefParameter without a condition.
2025-05-30 11:42:12,549 [WARN] IP:2250 - SERVICE4_UUID not found: check if there is a RefParameter without a condition.
2025-05-30 11:42:12,551 [WARN] IP:2250 - SERVICE5_UUID not found: check if there is a RefParameter without a condition.
2025-05-30 11:42:57,543 [WARN] IP:2250 - SERVICE3_UUID not found: check if there is a RefParameter without a condition.
2025-05-30 11:42:57,545 [WARN] IP:2250 - SERVICE4_UUID not found: check if there is a RefParameter without a condition.
2025-05-30 11:42:57,547 [WARN] IP:2250 - SERVICE5_UUID not found: check if there is a RefParameter without a condition.
2025-05-30 11:42:57,589 [INFO] ParamManager:896 - [Generic UI] PropertyChangeEvent: TAB_STATUS_CHANGED , "dont care", "never mind"
2025-05-30 11:42:57,612 [WARN] IP:2250 - SERVICE3_UUID not found: check if there is a RefParameter without a condition.
2025-05-30 11:42:57,613 [WARN] IP:2250 - SERVICE4_UUID not found: check if there is a RefParameter without a condition.
2025-05-30 11:42:57,615 [WARN] IP:2250 - SERVICE5_UUID not found: check if there is a RefParameter without a condition.
2025-05-30 11:42:57,681 [WARN] IP:2250 - SERVICE3_UUID not found: check if there is a RefParameter without a condition.
2025-05-30 11:42:57,683 [WARN] IP:2250 - SERVICE4_UUID not found: check if there is a RefParameter without a condition.
2025-05-30 11:42:57,685 [WARN] IP:2250 - SERVICE5_UUID not found: check if there is a RefParameter without a condition.
2025-05-30 11:43:27,942 [WARN] IP:2250 - SERVICE3_UUID not found: check if there is a RefParameter without a condition.
2025-05-30 11:43:27,944 [WARN] IP:2250 - SERVICE4_UUID not found: check if there is a RefParameter without a condition.
2025-05-30 11:43:27,946 [WARN] IP:2250 - SERVICE5_UUID not found: check if there is a RefParameter without a condition.
2025-05-30 11:43:28,000 [WARN] IP:2250 - SERVICE3_UUID not found: check if there is a RefParameter without a condition.
2025-05-30 11:43:28,002 [WARN] IP:2250 - SERVICE4_UUID not found: check if there is a RefParameter without a condition.
2025-05-30 11:43:28,004 [WARN] IP:2250 - SERVICE5_UUID not found: check if there is a RefParameter without a condition.
2025-05-30 11:43:28,072 [WARN] IP:2250 - SERVICE3_UUID not found: check if there is a RefParameter without a condition.
2025-05-30 11:43:28,074 [WARN] IP:2250 - SERVICE4_UUID not found: check if there is a RefParameter without a condition.
2025-05-30 11:43:28,075 [WARN] IP:2250 - SERVICE5_UUID not found: check if there is a RefParameter without a condition.
2025-05-30 11:43:43,081 [WARN] IP:2250 - SERVICE3_UUID not found: check if there is a RefParameter without a condition.
2025-05-30 11:43:43,083 [WARN] IP:2250 - SERVICE4_UUID not found: check if there is a RefParameter without a condition.
2025-05-30 11:43:43,086 [WARN] IP:2250 - SERVICE5_UUID not found: check if there is a RefParameter without a condition.
2025-05-30 11:43:43,153 [WARN] IP:2250 - SERVICE3_UUID not found: check if there is a RefParameter without a condition.
2025-05-30 11:43:43,156 [WARN] IP:2250 - SERVICE4_UUID not found: check if there is a RefParameter without a condition.
2025-05-30 11:43:43,157 [WARN] IP:2250 - SERVICE5_UUID not found: check if there is a RefParameter without a condition.
2025-05-30 11:43:43,238 [WARN] IP:2250 - SERVICE3_UUID not found: check if there is a RefParameter without a condition.
2025-05-30 11:43:43,240 [WARN] IP:2250 - SERVICE4_UUID not found: check if there is a RefParameter without a condition.
2025-05-30 11:43:43,242 [WARN] IP:2250 - SERVICE5_UUID not found: check if there is a RefParameter without a condition.
2025-05-30 11:43:49,013 [WARN] IP:2250 - SERVICE3_UUID not found: check if there is a RefParameter without a condition.
2025-05-30 11:43:49,015 [WARN] IP:2250 - SERVICE4_UUID not found: check if there is a RefParameter without a condition.
2025-05-30 11:43:49,017 [WARN] IP:2250 - SERVICE5_UUID not found: check if there is a RefParameter without a condition.
2025-05-30 11:43:49,052 [INFO] ParamManager:896 - [Generic UI] PropertyChangeEvent: TAB_STATUS_CHANGED , "dont care", "never mind"
2025-05-30 11:43:49,089 [WARN] IP:2250 - SERVICE3_UUID not found: check if there is a RefParameter without a condition.
2025-05-30 11:43:49,091 [WARN] IP:2250 - SERVICE4_UUID not found: check if there is a RefParameter without a condition.
2025-05-30 11:43:49,093 [WARN] IP:2250 - SERVICE5_UUID not found: check if there is a RefParameter without a condition.
2025-05-30 11:43:51,985 [WARN] IP:2250 - SERVICE3_UUID not found: check if there is a RefParameter without a condition.
2025-05-30 11:43:51,987 [WARN] IP:2250 - SERVICE4_UUID not found: check if there is a RefParameter without a condition.
2025-05-30 11:43:51,989 [WARN] IP:2250 - SERVICE5_UUID not found: check if there is a RefParameter without a condition.
2025-05-30 11:43:52,027 [INFO] ParamManager:896 - [Generic UI] PropertyChangeEvent: TAB_STATUS_CHANGED , "dont care", "never mind"
2025-05-30 11:43:52,050 [WARN] IP:2250 - SERVICE3_UUID not found: check if there is a RefParameter without a condition.
2025-05-30 11:43:52,053 [WARN] IP:2250 - SERVICE4_UUID not found: check if there is a RefParameter without a condition.
2025-05-30 11:43:52,055 [WARN] IP:2250 - SERVICE5_UUID not found: check if there is a RefParameter without a condition.
2025-05-30 11:43:52,123 [WARN] IP:2250 - SERVICE3_UUID not found: check if there is a RefParameter without a condition.
2025-05-30 11:43:52,125 [WARN] IP:2250 - SERVICE4_UUID not found: check if there is a RefParameter without a condition.
2025-05-30 11:43:52,127 [WARN] IP:2250 - SERVICE5_UUID not found: check if there is a RefParameter without a condition.
2025-05-30 11:45:04,237 [WARN] IP:2250 - SERVICE3_UUID not found: check if there is a RefParameter without a condition.
2025-05-30 11:45:04,239 [WARN] IP:2250 - SERVICE4_UUID not found: check if there is a RefParameter without a condition.
2025-05-30 11:45:04,240 [WARN] IP:2250 - SERVICE5_UUID not found: check if there is a RefParameter without a condition.
2025-05-30 11:45:04,296 [WARN] IP:2250 - SERVICE3_UUID not found: check if there is a RefParameter without a condition.
2025-05-30 11:45:04,298 [WARN] IP:2250 - SERVICE4_UUID not found: check if there is a RefParameter without a condition.
2025-05-30 11:45:04,299 [WARN] IP:2250 - SERVICE5_UUID not found: check if there is a RefParameter without a condition.
2025-05-30 11:45:04,365 [WARN] IP:2250 - SERVICE3_UUID not found: check if there is a RefParameter without a condition.
2025-05-30 11:45:04,367 [WARN] IP:2250 - SERVICE4_UUID not found: check if there is a RefParameter without a condition.
2025-05-30 11:45:04,369 [WARN] IP:2250 - SERVICE5_UUID not found: check if there is a RefParameter without a condition.
2025-05-30 11:45:06,899 [WARN] IP:2250 - SERVICE3_UUID not found: check if there is a RefParameter without a condition.
2025-05-30 11:45:06,901 [WARN] IP:2250 - SERVICE4_UUID not found: check if there is a RefParameter without a condition.
2025-05-30 11:45:06,903 [WARN] IP:2250 - SERVICE5_UUID not found: check if there is a RefParameter without a condition.
2025-05-30 11:45:06,956 [WARN] IP:2250 - SERVICE3_UUID not found: check if there is a RefParameter without a condition.
2025-05-30 11:45:06,958 [WARN] IP:2250 - SERVICE4_UUID not found: check if there is a RefParameter without a condition.
2025-05-30 11:45:06,960 [WARN] IP:2250 - SERVICE5_UUID not found: check if there is a RefParameter without a condition.
2025-05-30 11:45:07,026 [WARN] IP:2250 - SERVICE3_UUID not found: check if there is a RefParameter without a condition.
2025-05-30 11:45:07,028 [WARN] IP:2250 - SERVICE4_UUID not found: check if there is a RefParameter without a condition.
2025-05-30 11:45:07,031 [WARN] IP:2250 - SERVICE5_UUID not found: check if there is a RefParameter without a condition.
2025-05-30 11:45:08,850 [WARN] IP:2250 - SERVICE3_UUID not found: check if there is a RefParameter without a condition.
2025-05-30 11:45:08,851 [WARN] IP:2250 - SERVICE4_UUID not found: check if there is a RefParameter without a condition.
2025-05-30 11:45:08,853 [WARN] IP:2250 - SERVICE5_UUID not found: check if there is a RefParameter without a condition.
2025-05-30 11:45:08,905 [WARN] IP:2250 - SERVICE3_UUID not found: check if there is a RefParameter without a condition.
2025-05-30 11:45:08,907 [WARN] IP:2250 - SERVICE4_UUID not found: check if there is a RefParameter without a condition.
2025-05-30 11:45:08,909 [WARN] IP:2250 - SERVICE5_UUID not found: check if there is a RefParameter without a condition.
2025-05-30 11:45:08,977 [WARN] IP:2250 - SERVICE3_UUID not found: check if there is a RefParameter without a condition.
2025-05-30 11:45:08,979 [WARN] IP:2250 - SERVICE4_UUID not found: check if there is a RefParameter without a condition.
2025-05-30 11:45:08,981 [WARN] IP:2250 - SERVICE5_UUID not found: check if there is a RefParameter without a condition.
2025-05-30 11:45:12,034 [WARN] IP:2250 - SERVICE3_UUID not found: check if there is a RefParameter without a condition.
2025-05-30 11:45:12,035 [WARN] IP:2250 - SERVICE4_UUID not found: check if there is a RefParameter without a condition.
2025-05-30 11:45:12,037 [WARN] IP:2250 - SERVICE5_UUID not found: check if there is a RefParameter without a condition.
2025-05-30 11:45:12,092 [WARN] IP:2250 - SERVICE3_UUID not found: check if there is a RefParameter without a condition.
2025-05-30 11:45:12,094 [WARN] IP:2250 - SERVICE4_UUID not found: check if there is a RefParameter without a condition.
2025-05-30 11:45:12,096 [WARN] IP:2250 - SERVICE5_UUID not found: check if there is a RefParameter without a condition.
2025-05-30 11:45:12,174 [WARN] IP:2250 - SERVICE3_UUID not found: check if there is a RefParameter without a condition.
2025-05-30 11:45:12,178 [WARN] IP:2250 - SERVICE4_UUID not found: check if there is a RefParameter without a condition.
2025-05-30 11:45:12,181 [WARN] IP:2250 - SERVICE5_UUID not found: check if there is a RefParameter without a condition.
2025-05-30 11:45:13,442 [WARN] IP:2250 - SERVICE3_UUID not found: check if there is a RefParameter without a condition.
2025-05-30 11:45:13,444 [WARN] IP:2250 - SERVICE4_UUID not found: check if there is a RefParameter without a condition.
2025-05-30 11:45:13,446 [WARN] IP:2250 - SERVICE5_UUID not found: check if there is a RefParameter without a condition.
2025-05-30 11:45:13,499 [WARN] IP:2250 - SERVICE3_UUID not found: check if there is a RefParameter without a condition.
2025-05-30 11:45:13,501 [WARN] IP:2250 - SERVICE4_UUID not found: check if there is a RefParameter without a condition.
2025-05-30 11:45:13,503 [WARN] IP:2250 - SERVICE5_UUID not found: check if there is a RefParameter without a condition.
2025-05-30 11:45:13,578 [WARN] IP:2250 - SERVICE3_UUID not found: check if there is a RefParameter without a condition.
2025-05-30 11:45:13,580 [WARN] IP:2250 - SERVICE4_UUID not found: check if there is a RefParameter without a condition.
2025-05-30 11:45:13,581 [WARN] IP:2250 - SERVICE5_UUID not found: check if there is a RefParameter without a condition.
2025-05-30 11:48:16,275 [WARN] IP:2250 - SERVICE3_UUID not found: check if there is a RefParameter without a condition.
2025-05-30 11:48:16,277 [WARN] IP:2250 - SERVICE4_UUID not found: check if there is a RefParameter without a condition.
2025-05-30 11:48:16,279 [WARN] IP:2250 - SERVICE5_UUID not found: check if there is a RefParameter without a condition.
2025-05-30 11:48:16,344 [WARN] IP:2250 - SERVICE3_UUID not found: check if there is a RefParameter without a condition.
2025-05-30 11:48:16,346 [WARN] IP:2250 - SERVICE4_UUID not found: check if there is a RefParameter without a condition.
2025-05-30 11:48:16,348 [WARN] IP:2250 - SERVICE5_UUID not found: check if there is a RefParameter without a condition.
2025-05-30 11:48:16,423 [WARN] IP:2250 - SERVICE3_UUID not found: check if there is a RefParameter without a condition.
2025-05-30 11:48:16,425 [WARN] IP:2250 - SERVICE4_UUID not found: check if there is a RefParameter without a condition.
2025-05-30 11:48:16,427 [WARN] IP:2250 - SERVICE5_UUID not found: check if there is a RefParameter without a condition.
2025-05-30 11:59:41,359 [WARN] IP:2250 - SERVICE3_UUID not found: check if there is a RefParameter without a condition.
2025-05-30 11:59:41,361 [WARN] IP:2250 - SERVICE4_UUID not found: check if there is a RefParameter without a condition.
2025-05-30 11:59:41,363 [WARN] IP:2250 - SERVICE5_UUID not found: check if there is a RefParameter without a condition.
2025-05-30 11:59:41,427 [WARN] IP:2250 - SERVICE3_UUID not found: check if there is a RefParameter without a condition.
2025-05-30 11:59:41,430 [WARN] IP:2250 - SERVICE4_UUID not found: check if there is a RefParameter without a condition.
2025-05-30 11:59:41,432 [WARN] IP:2250 - SERVICE5_UUID not found: check if there is a RefParameter without a condition.
2025-05-30 11:59:41,515 [WARN] IP:2250 - SERVICE3_UUID not found: check if there is a RefParameter without a condition.
2025-05-30 11:59:41,517 [WARN] IP:2250 - SERVICE4_UUID not found: check if there is a RefParameter without a condition.
2025-05-30 11:59:41,520 [WARN] IP:2250 - SERVICE5_UUID not found: check if there is a RefParameter without a condition.
2025-05-30 12:00:28,158 [INFO] UtilMem:75 - End SaveConfig() Used Memory: 851689496 Bytes (1073741824)
2025-05-30 12:00:29,509 [INFO] UtilMem:75 - End SaveConfig() Used Memory: 867774160 Bytes (1073741824)
2025-05-30 12:00:30,818 [INFO] UtilMem:75 - End SaveConfig() Used Memory: 913029144 Bytes (1073741824)
2025-05-30 12:00:31,057 [INFO] BlockDiagram:2775 - set Specific Code input for plugin: RTC
2025-05-30 12:00:31,057 [INFO] BlockDiagram:2775 - set Specific Code input for plugin: SPI
2025-05-30 12:00:31,057 [INFO] BlockDiagram:2775 - set Specific Code input for plugin: NVIC
2025-05-30 12:00:31,057 [INFO] BlockDiagram:2775 - set Specific Code input for plugin: SEQUENCER
2025-05-30 12:00:31,057 [INFO] BlockDiagram:2775 - set Specific Code input for plugin: STM32_WPAN
2025-05-30 12:00:31,057 [INFO] BlockDiagram:2775 - set Specific Code input for plugin: HSEM
2025-05-30 12:00:31,057 [INFO] BlockDiagram:2775 - set Specific Code input for plugin: MEMORYMAP
2025-05-30 12:00:31,057 [INFO] BlockDiagram:2775 - set Specific Code input for plugin: USB_Device
2025-05-30 12:00:31,057 [INFO] BlockDiagram:2775 - set Specific Code input for plugin: IPCC
2025-05-30 12:00:31,057 [INFO] BlockDiagram:2775 - set Specific Code input for plugin: USB
2025-05-30 12:00:31,057 [INFO] BlockDiagram:2775 - set Specific Code input for plugin: SYS
2025-05-30 12:00:31,058 [INFO] BlockDiagram:2775 - set Specific Code input for plugin: GPIO
2025-05-30 12:00:31,058 [INFO] BlockDiagram:2775 - set Specific Code input for plugin: RCC
2025-05-30 12:00:31,058 [INFO] BlockDiagram:2775 - set Specific Code input for plugin: RF
2025-05-30 12:00:31,058 [INFO] BlockDiagram:2775 - set Specific Code input for plugin: I2C
2025-05-30 12:00:31,058 [INFO] BlockDiagram:2775 - set Specific Code input for plugin: TINY_LPM
2025-05-30 12:00:31,059 [INFO] CodeGenerator:882 - code generatio: config db path: C:\ST\STM32CubeIDE_1.18.0\STM32CubeIDE\plugins\com.st.stm32cube.common.mx_6.14.0.202502271554\\db\
2025-05-30 12:00:31,105 [WARN] IP:2250 - SERVICE3_UUID not found: check if there is a RefParameter without a condition.
2025-05-30 12:00:31,107 [WARN] IP:2250 - SERVICE4_UUID not found: check if there is a RefParameter without a condition.
2025-05-30 12:00:31,110 [WARN] IP:2250 - SERVICE5_UUID not found: check if there is a RefParameter without a condition.
2025-05-30 12:00:31,229 [INFO] CodeEngine:263 - oldGeneratedFile, C:\Users\jaowe\Documents\Projects\DeltaTPlusFirmware\DeltaTPlus\MXTmpFiles\license.tmp_save
2025-05-30 12:00:31,423 [INFO] CodeEngine:287 - Generated code: C:\Users\jaowe\Documents\Projects\DeltaTPlusFirmware\DeltaTPlus\MXTmpFiles\license.tmp
2025-05-30 12:00:31,490 [INFO] CodeEngine:263 - oldGeneratedFile, C:\Users\jaowe\Documents\Projects\DeltaTPlusFirmware\DeltaTPlus\Core\Src\gpio.c_save
2025-05-30 12:00:31,611 [INFO] CodeEngine:287 - Generated code: C:\Users\jaowe\Documents\Projects\DeltaTPlusFirmware\DeltaTPlus\Core\Src\gpio.c
2025-05-30 12:00:31,615 [INFO] CodeEngine:263 - oldGeneratedFile, C:\Users\jaowe\Documents\Projects\DeltaTPlusFirmware\DeltaTPlus\Core\Inc\gpio.h_save
2025-05-30 12:00:31,689 [INFO] CodeEngine:287 - Generated code: C:\Users\jaowe\Documents\Projects\DeltaTPlusFirmware\DeltaTPlus\Core\Inc\gpio.h
2025-05-30 12:00:31,774 [INFO] CodeEngine:263 - oldGeneratedFile, C:\Users\jaowe\Documents\Projects\DeltaTPlusFirmware\DeltaTPlus\MXTmpFiles\usb_vars.tmp_save
2025-05-30 12:00:31,834 [INFO] CodeEngine:287 - Generated code: C:\Users\jaowe\Documents\Projects\DeltaTPlusFirmware\DeltaTPlus\MXTmpFiles\usb_vars.tmp
2025-05-30 12:00:31,837 [INFO] CodeEngine:263 - oldGeneratedFile, C:\Users\jaowe\Documents\Projects\DeltaTPlusFirmware\DeltaTPlus\MXTmpFiles\usb_inc.tmp_save
2025-05-30 12:00:31,883 [INFO] CodeEngine:287 - Generated code: C:\Users\jaowe\Documents\Projects\DeltaTPlusFirmware\DeltaTPlus\MXTmpFiles\usb_inc.tmp
2025-05-30 12:00:31,888 [INFO] CodeEngine:263 - oldGeneratedFile, C:\Users\jaowe\Documents\Projects\DeltaTPlusFirmware\DeltaTPlus\MXTmpFiles\usb_HalInit.tmp_save
2025-05-30 12:00:31,963 [INFO] CodeEngine:287 - Generated code: C:\Users\jaowe\Documents\Projects\DeltaTPlusFirmware\DeltaTPlus\MXTmpFiles\usb_HalInit.tmp
2025-05-30 12:00:31,966 [INFO] CodeEngine:263 - oldGeneratedFile, C:\Users\jaowe\Documents\Projects\DeltaTPlusFirmware\DeltaTPlus\MXTmpFiles\usb_Msp.tmp_save
2025-05-30 12:00:32,026 [INFO] CodeEngine:287 - Generated code: C:\Users\jaowe\Documents\Projects\DeltaTPlusFirmware\DeltaTPlus\MXTmpFiles\usb_Msp.tmp
2025-05-30 12:00:32,135 [WARN] IPConfigManager:103 - WARNING: Missing Config File for MEMORYMAP ip!!
2025-05-30 12:00:32,135 [WARN] IP:2250 - DefaultDataRegion not found: check if there is a RefParameter without a condition.
2025-05-30 12:00:32,168 [WARN] IPConfigManager:103 - WARNING: Missing Config File for RF ip!!
2025-05-30 12:00:32,507 [INFO] Middleware:1452 - No code input for Bsp Dependency
2025-05-30 12:00:32,526 [INFO] Middleware:1452 - No code input for Bsp Dependency
2025-05-30 12:00:32,531 [INFO] CodeEngine:263 - oldGeneratedFile, C:\Users\jaowe\Documents\Projects\DeltaTPlusFirmware\DeltaTPlus\Core\Src\i2c.c_save
2025-05-30 12:00:32,598 [INFO] CodeEngine:287 - Generated code: C:\Users\jaowe\Documents\Projects\DeltaTPlusFirmware\DeltaTPlus\Core\Src\i2c.c
2025-05-30 12:00:32,602 [INFO] CodeEngine:263 - oldGeneratedFile, C:\Users\jaowe\Documents\Projects\DeltaTPlusFirmware\DeltaTPlus\Core\Inc\i2c.h_save
2025-05-30 12:00:32,643 [INFO] CodeEngine:287 - Generated code: C:\Users\jaowe\Documents\Projects\DeltaTPlusFirmware\DeltaTPlus\Core\Inc\i2c.h
2025-05-30 12:00:32,652 [INFO] CodeEngine:263 - oldGeneratedFile, C:\Users\jaowe\Documents\Projects\DeltaTPlusFirmware\DeltaTPlus\Core\Src\ipcc.c_save
2025-05-30 12:00:32,708 [INFO] CodeEngine:287 - Generated code: C:\Users\jaowe\Documents\Projects\DeltaTPlusFirmware\DeltaTPlus\Core\Src\ipcc.c
2025-05-30 12:00:32,710 [INFO] CodeEngine:263 - oldGeneratedFile, C:\Users\jaowe\Documents\Projects\DeltaTPlusFirmware\DeltaTPlus\Core\Inc\ipcc.h_save
2025-05-30 12:00:32,751 [INFO] CodeEngine:287 - Generated code: C:\Users\jaowe\Documents\Projects\DeltaTPlusFirmware\DeltaTPlus\Core\Inc\ipcc.h
2025-05-30 12:00:32,757 [INFO] CodeEngine:263 - oldGeneratedFile, C:\Users\jaowe\Documents\Projects\DeltaTPlusFirmware\DeltaTPlus\Core\Src\memorymap.c_save
2025-05-30 12:00:32,808 [INFO] CodeEngine:287 - Generated code: C:\Users\jaowe\Documents\Projects\DeltaTPlusFirmware\DeltaTPlus\Core\Src\memorymap.c
2025-05-30 12:00:32,811 [INFO] CodeEngine:263 - oldGeneratedFile, C:\Users\jaowe\Documents\Projects\DeltaTPlusFirmware\DeltaTPlus\Core\Inc\memorymap.h_save
2025-05-30 12:00:32,849 [INFO] CodeEngine:287 - Generated code: C:\Users\jaowe\Documents\Projects\DeltaTPlusFirmware\DeltaTPlus\Core\Inc\memorymap.h
2025-05-30 12:00:32,855 [INFO] CodeEngine:263 - oldGeneratedFile, C:\Users\jaowe\Documents\Projects\DeltaTPlusFirmware\DeltaTPlus\Core\Src\rf.c_save
2025-05-30 12:00:32,906 [INFO] CodeEngine:287 - Generated code: C:\Users\jaowe\Documents\Projects\DeltaTPlusFirmware\DeltaTPlus\Core\Src\rf.c
2025-05-30 12:00:32,909 [INFO] CodeEngine:263 - oldGeneratedFile, C:\Users\jaowe\Documents\Projects\DeltaTPlusFirmware\DeltaTPlus\Core\Inc\rf.h_save
2025-05-30 12:00:32,954 [INFO] CodeEngine:287 - Generated code: C:\Users\jaowe\Documents\Projects\DeltaTPlusFirmware\DeltaTPlus\Core\Inc\rf.h
2025-05-30 12:00:32,960 [INFO] CodeEngine:263 - oldGeneratedFile, C:\Users\jaowe\Documents\Projects\DeltaTPlusFirmware\DeltaTPlus\Core\Src\rtc.c_save
2025-05-30 12:00:33,013 [INFO] CodeEngine:287 - Generated code: C:\Users\jaowe\Documents\Projects\DeltaTPlusFirmware\DeltaTPlus\Core\Src\rtc.c
2025-05-30 12:00:33,017 [INFO] CodeEngine:263 - oldGeneratedFile, C:\Users\jaowe\Documents\Projects\DeltaTPlusFirmware\DeltaTPlus\Core\Inc\rtc.h_save
2025-05-30 12:00:33,056 [INFO] CodeEngine:287 - Generated code: C:\Users\jaowe\Documents\Projects\DeltaTPlusFirmware\DeltaTPlus\Core\Inc\rtc.h
2025-05-30 12:00:33,062 [INFO] CodeEngine:263 - oldGeneratedFile, C:\Users\jaowe\Documents\Projects\DeltaTPlusFirmware\DeltaTPlus\Core\Src\spi.c_save
2025-05-30 12:00:33,115 [INFO] CodeEngine:287 - Generated code: C:\Users\jaowe\Documents\Projects\DeltaTPlusFirmware\DeltaTPlus\Core\Src\spi.c
2025-05-30 12:00:33,118 [INFO] CodeEngine:263 - oldGeneratedFile, C:\Users\jaowe\Documents\Projects\DeltaTPlusFirmware\DeltaTPlus\Core\Inc\spi.h_save
2025-05-30 12:00:33,157 [INFO] CodeEngine:287 - Generated code: C:\Users\jaowe\Documents\Projects\DeltaTPlusFirmware\DeltaTPlus\Core\Inc\spi.h
2025-05-30 12:00:33,174 [INFO] Middleware:1452 - No code input for Bsp Dependency
2025-05-30 12:00:33,194 [INFO] CodeEngine:263 - oldGeneratedFile, C:\Users\jaowe\Documents\Projects\DeltaTPlusFirmware\DeltaTPlus\Core\Inc\app_common.h_save
2025-05-30 12:00:33,235 [INFO] CodeEngine:287 - Generated code: C:\Users\jaowe\Documents\Projects\DeltaTPlusFirmware\DeltaTPlus\Core\Inc\app_common.h
2025-05-30 12:00:33,237 [INFO] CodeEngine:263 - oldGeneratedFile, C:\Users\jaowe\Documents\Projects\DeltaTPlusFirmware\DeltaTPlus\Core\Inc\app_debug.h_save
2025-05-30 12:00:33,275 [INFO] CodeEngine:287 - Generated code: C:\Users\jaowe\Documents\Projects\DeltaTPlusFirmware\DeltaTPlus\Core\Inc\app_debug.h
2025-05-30 12:00:33,278 [INFO] CodeEngine:263 - oldGeneratedFile, C:\Users\jaowe\Documents\Projects\DeltaTPlusFirmware\DeltaTPlus\Core\Inc\app_conf.h_save
2025-05-30 12:00:33,376 [INFO] CodeEngine:287 - Generated code: C:\Users\jaowe\Documents\Projects\DeltaTPlusFirmware\DeltaTPlus\Core\Inc\app_conf.h
2025-05-30 12:00:33,380 [INFO] CodeEngine:263 - oldGeneratedFile, C:\Users\jaowe\Documents\Projects\DeltaTPlusFirmware\DeltaTPlus\Core\Inc\app_entry.h_save
2025-05-30 12:00:33,420 [INFO] CodeEngine:287 - Generated code: C:\Users\jaowe\Documents\Projects\DeltaTPlusFirmware\DeltaTPlus\Core\Inc\app_entry.h
2025-05-30 12:00:33,423 [INFO] CodeEngine:263 - oldGeneratedFile, C:\Users\jaowe\Documents\Projects\DeltaTPlusFirmware\DeltaTPlus\Core\Inc\hw_conf.h_save
2025-05-30 12:00:33,467 [INFO] CodeEngine:287 - Generated code: C:\Users\jaowe\Documents\Projects\DeltaTPlusFirmware\DeltaTPlus\Core\Inc\hw_conf.h
2025-05-30 12:00:33,470 [INFO] CodeEngine:263 - oldGeneratedFile, C:\Users\jaowe\Documents\Projects\DeltaTPlusFirmware\DeltaTPlus\Core\Inc\hw_if.h_save
2025-05-30 12:00:33,512 [INFO] CodeEngine:287 - Generated code: C:\Users\jaowe\Documents\Projects\DeltaTPlusFirmware\DeltaTPlus\Core\Inc\hw_if.h
2025-05-30 12:00:33,517 [INFO] CodeEngine:263 - oldGeneratedFile, C:\Users\jaowe\Documents\Projects\DeltaTPlusFirmware\DeltaTPlus\Core\Inc\utilities_conf.h_save
2025-05-30 12:00:33,558 [INFO] CodeEngine:287 - Generated code: C:\Users\jaowe\Documents\Projects\DeltaTPlusFirmware\DeltaTPlus\Core\Inc\utilities_conf.h
2025-05-30 12:00:33,561 [INFO] CodeEngine:263 - oldGeneratedFile, C:\Users\jaowe\Documents\Projects\DeltaTPlusFirmware\DeltaTPlus\Core\Inc\stm32_lpm_if.h_save
2025-05-30 12:00:33,599 [INFO] CodeEngine:287 - Generated code: C:\Users\jaowe\Documents\Projects\DeltaTPlusFirmware\DeltaTPlus\Core\Inc\stm32_lpm_if.h
2025-05-30 12:00:33,603 [INFO] CodeEngine:263 - oldGeneratedFile, C:\Users\jaowe\Documents\Projects\DeltaTPlusFirmware\DeltaTPlus\Core\Src\app_entry.c_save
2025-05-30 12:00:33,650 [INFO] CodeEngine:287 - Generated code: C:\Users\jaowe\Documents\Projects\DeltaTPlusFirmware\DeltaTPlus\Core\Src\app_entry.c
2025-05-30 12:00:33,653 [INFO] CodeEngine:263 - oldGeneratedFile, C:\Users\jaowe\Documents\Projects\DeltaTPlusFirmware\DeltaTPlus\Core\Src\app_debug.c_save
2025-05-30 12:00:33,693 [INFO] CodeEngine:287 - Generated code: C:\Users\jaowe\Documents\Projects\DeltaTPlusFirmware\DeltaTPlus\Core\Src\app_debug.c
2025-05-30 12:00:33,696 [INFO] CodeEngine:263 - oldGeneratedFile, C:\Users\jaowe\Documents\Projects\DeltaTPlusFirmware\DeltaTPlus\Core\Src\hw_timerserver.c_save
2025-05-30 12:00:33,742 [INFO] CodeEngine:287 - Generated code: C:\Users\jaowe\Documents\Projects\DeltaTPlusFirmware\DeltaTPlus\Core\Src\hw_timerserver.c
2025-05-30 12:00:33,746 [INFO] CodeEngine:263 - oldGeneratedFile, C:\Users\jaowe\Documents\Projects\DeltaTPlusFirmware\DeltaTPlus\Core\Src\stm32_lpm_if.c_save
2025-05-30 12:00:33,786 [INFO] CodeEngine:287 - Generated code: C:\Users\jaowe\Documents\Projects\DeltaTPlusFirmware\DeltaTPlus\Core\Src\stm32_lpm_if.c
2025-05-30 12:00:33,789 [INFO] CodeEngine:263 - oldGeneratedFile, C:\Users\jaowe\Documents\Projects\DeltaTPlusFirmware\DeltaTPlus\STM32_WPAN\App\app_ble.c_save
2025-05-30 12:00:33,919 [INFO] CodeEngine:287 - Generated code: C:\Users\jaowe\Documents\Projects\DeltaTPlusFirmware\DeltaTPlus\STM32_WPAN\App\app_ble.c
2025-05-30 12:00:33,923 [INFO] CodeEngine:263 - oldGeneratedFile, C:\Users\jaowe\Documents\Projects\DeltaTPlusFirmware\DeltaTPlus\STM32_WPAN\App\app_ble.h_save
2025-05-30 12:00:33,964 [INFO] CodeEngine:287 - Generated code: C:\Users\jaowe\Documents\Projects\DeltaTPlusFirmware\DeltaTPlus\STM32_WPAN\App\app_ble.h
2025-05-30 12:00:33,967 [INFO] CodeEngine:263 - oldGeneratedFile, C:\Users\jaowe\Documents\Projects\DeltaTPlusFirmware\DeltaTPlus\STM32_WPAN\App\ble_conf.h_save
2025-05-30 12:00:34,010 [INFO] CodeEngine:287 - Generated code: C:\Users\jaowe\Documents\Projects\DeltaTPlusFirmware\DeltaTPlus\STM32_WPAN\App\ble_conf.h
2025-05-30 12:00:34,012 [INFO] CodeEngine:263 - oldGeneratedFile, C:\Users\jaowe\Documents\Projects\DeltaTPlusFirmware\DeltaTPlus\STM32_WPAN\App\ble_dbg_conf.h_save
2025-05-30 12:00:34,065 [INFO] CodeEngine:287 - Generated code: C:\Users\jaowe\Documents\Projects\DeltaTPlusFirmware\DeltaTPlus\STM32_WPAN\App\ble_dbg_conf.h
2025-05-30 12:00:34,071 [INFO] CodeEngine:263 - oldGeneratedFile, C:\Users\jaowe\Documents\Projects\DeltaTPlusFirmware\DeltaTPlus\STM32_WPAN\App\tl_dbg_conf.h_save
2025-05-30 12:00:34,120 [INFO] CodeEngine:287 - Generated code: C:\Users\jaowe\Documents\Projects\DeltaTPlusFirmware\DeltaTPlus\STM32_WPAN\App\tl_dbg_conf.h
2025-05-30 12:00:34,123 [INFO] CodeEngine:263 - oldGeneratedFile, C:\Users\jaowe\Documents\Projects\DeltaTPlusFirmware\DeltaTPlus\STM32_WPAN\App\template_server_app.h_save
2025-05-30 12:00:34,164 [INFO] CodeEngine:287 - Generated code: C:\Users\jaowe\Documents\Projects\DeltaTPlusFirmware\DeltaTPlus\STM32_WPAN\App\template_server_app.h
2025-05-30 12:00:34,168 [INFO] CodeEngine:263 - oldGeneratedFile, C:\Users\jaowe\Documents\Projects\DeltaTPlusFirmware\DeltaTPlus\STM32_WPAN\App\custom_stm.c_save
2025-05-30 12:00:35,210 [INFO] CodeEngine:287 - Generated code: C:\Users\jaowe\Documents\Projects\DeltaTPlusFirmware\DeltaTPlus\STM32_WPAN\App\custom_stm.c
2025-05-30 12:00:35,214 [INFO] CodeEngine:263 - oldGeneratedFile, C:\Users\jaowe\Documents\Projects\DeltaTPlusFirmware\DeltaTPlus\STM32_WPAN\App\custom_stm.h_save
2025-05-30 12:00:35,363 [INFO] CodeEngine:287 - Generated code: C:\Users\jaowe\Documents\Projects\DeltaTPlusFirmware\DeltaTPlus\STM32_WPAN\App\custom_stm.h
2025-05-30 12:00:35,367 [INFO] CodeEngine:263 - oldGeneratedFile, C:\Users\jaowe\Documents\Projects\DeltaTPlusFirmware\DeltaTPlus\STM32_WPAN\App\custom_app.c_save
2025-05-30 12:00:35,519 [INFO] CodeEngine:287 - Generated code: C:\Users\jaowe\Documents\Projects\DeltaTPlusFirmware\DeltaTPlus\STM32_WPAN\App\custom_app.c
2025-05-30 12:00:35,522 [INFO] CodeEngine:263 - oldGeneratedFile, C:\Users\jaowe\Documents\Projects\DeltaTPlusFirmware\DeltaTPlus\STM32_WPAN\App\custom_app.h_save
2025-05-30 12:00:35,561 [INFO] CodeEngine:287 - Generated code: C:\Users\jaowe\Documents\Projects\DeltaTPlusFirmware\DeltaTPlus\STM32_WPAN\App\custom_app.h
2025-05-30 12:00:35,564 [INFO] CodeEngine:263 - oldGeneratedFile, C:\Users\jaowe\Documents\Projects\DeltaTPlusFirmware\DeltaTPlus\STM32_WPAN\Target\hw_ipcc.c_save
2025-05-30 12:00:35,619 [INFO] CodeEngine:287 - Generated code: C:\Users\jaowe\Documents\Projects\DeltaTPlusFirmware\DeltaTPlus\STM32_WPAN\Target\hw_ipcc.c
2025-05-30 12:00:35,625 [INFO] Middleware:1452 - No code input for Bsp Dependency
2025-05-30 12:00:35,630 [INFO] CodeEngine:263 - oldGeneratedFile, C:\Users\jaowe\Documents\Projects\DeltaTPlusFirmware\DeltaTPlus\USB_Device\App\usb_device.c_save
2025-05-30 12:00:35,688 [INFO] CodeEngine:287 - Generated code: C:\Users\jaowe\Documents\Projects\DeltaTPlusFirmware\DeltaTPlus\USB_Device\App\usb_device.c
2025-05-30 12:00:35,691 [INFO] CodeEngine:263 - oldGeneratedFile, C:\Users\jaowe\Documents\Projects\DeltaTPlusFirmware\DeltaTPlus\USB_Device\App\usb_device.h_save
2025-05-30 12:00:35,730 [INFO] CodeEngine:287 - Generated code: C:\Users\jaowe\Documents\Projects\DeltaTPlusFirmware\DeltaTPlus\USB_Device\App\usb_device.h
2025-05-30 12:00:35,733 [INFO] CodeEngine:263 - oldGeneratedFile, C:\Users\jaowe\Documents\Projects\DeltaTPlusFirmware\DeltaTPlus\USB_Device\Target\usbd_conf.h_save
2025-05-30 12:00:35,772 [INFO] CodeEngine:287 - Generated code: C:\Users\jaowe\Documents\Projects\DeltaTPlusFirmware\DeltaTPlus\USB_Device\Target\usbd_conf.h
2025-05-30 12:00:35,775 [INFO] CodeEngine:263 - oldGeneratedFile, C:\Users\jaowe\Documents\Projects\DeltaTPlusFirmware\DeltaTPlus\USB_Device\Target\usbd_conf.c_save
2025-05-30 12:00:35,822 [INFO] CodeEngine:287 - Generated code: C:\Users\jaowe\Documents\Projects\DeltaTPlusFirmware\DeltaTPlus\USB_Device\Target\usbd_conf.c
2025-05-30 12:00:35,836 [INFO] CodeEngine:263 - oldGeneratedFile, C:\Users\jaowe\Documents\Projects\DeltaTPlusFirmware\DeltaTPlus\USB_Device\App\usbd_desc.h_save
2025-05-30 12:00:35,873 [INFO] CodeEngine:287 - Generated code: C:\Users\jaowe\Documents\Projects\DeltaTPlusFirmware\DeltaTPlus\USB_Device\App\usbd_desc.h
2025-05-30 12:00:35,876 [INFO] CodeEngine:263 - oldGeneratedFile, C:\Users\jaowe\Documents\Projects\DeltaTPlusFirmware\DeltaTPlus\USB_Device\App\usbd_desc.c_save
2025-05-30 12:00:35,917 [INFO] CodeEngine:287 - Generated code: C:\Users\jaowe\Documents\Projects\DeltaTPlusFirmware\DeltaTPlus\USB_Device\App\usbd_desc.c
2025-05-30 12:00:35,920 [INFO] CodeEngine:263 - oldGeneratedFile, C:\Users\jaowe\Documents\Projects\DeltaTPlusFirmware\DeltaTPlus\USB_Device\App\usbd_cdc_if.h_save
2025-05-30 12:00:35,958 [INFO] CodeEngine:287 - Generated code: C:\Users\jaowe\Documents\Projects\DeltaTPlusFirmware\DeltaTPlus\USB_Device\App\usbd_cdc_if.h
2025-05-30 12:00:35,961 [INFO] CodeEngine:263 - oldGeneratedFile, C:\Users\jaowe\Documents\Projects\DeltaTPlusFirmware\DeltaTPlus\USB_Device\App\usbd_cdc_if.c_save
2025-05-30 12:00:36,001 [INFO] CodeEngine:287 - Generated code: C:\Users\jaowe\Documents\Projects\DeltaTPlusFirmware\DeltaTPlus\USB_Device\App\usbd_cdc_if.c
2025-05-30 12:00:36,009 [INFO] CodeEngine:263 - oldGeneratedFile, C:\Users\jaowe\Documents\Projects\DeltaTPlusFirmware\DeltaTPlus\Core\Src\stm32wbxx_it.c_save
2025-05-30 12:00:36,102 [INFO] CodeEngine:287 - Generated code: C:\Users\jaowe\Documents\Projects\DeltaTPlusFirmware\DeltaTPlus\Core\Src\stm32wbxx_it.c
2025-05-30 12:00:36,105 [INFO] CodeEngine:263 - oldGeneratedFile, C:\Users\jaowe\Documents\Projects\DeltaTPlusFirmware\DeltaTPlus\Core\Inc\stm32wbxx_it.h_save
2025-05-30 12:00:36,144 [INFO] CodeEngine:287 - Generated code: C:\Users\jaowe\Documents\Projects\DeltaTPlusFirmware\DeltaTPlus\Core\Inc\stm32wbxx_it.h
2025-05-30 12:00:36,156 [INFO] CodeEngine:263 - oldGeneratedFile, C:\Users\jaowe\Documents\Projects\DeltaTPlusFirmware\DeltaTPlus\Core\Src\stm32wbxx_hal_msp.c_save
2025-05-30 12:00:36,211 [INFO] CodeEngine:287 - Generated code: C:\Users\jaowe\Documents\Projects\DeltaTPlusFirmware\DeltaTPlus\Core\Src\stm32wbxx_hal_msp.c
2025-05-30 12:00:36,213 [INFO] CodeEngine:263 - oldGeneratedFile, C:\Users\jaowe\Documents\Projects\DeltaTPlusFirmware\DeltaTPlus\MXTmpFiles\system.tmp_save
2025-05-30 12:00:36,249 [INFO] CodeEngine:287 - Generated code: C:\Users\jaowe\Documents\Projects\DeltaTPlusFirmware\DeltaTPlus\MXTmpFiles\system.tmp
2025-05-30 12:00:36,255 [INFO] CodeEngine:319 - oldGeneratedFile, C:\Users\jaowe\Documents\Projects\DeltaTPlusFirmware\DeltaTPlus\Core\Inc\stm32wbxx_hal_conf.h_save
2025-05-30 12:00:36,296 [INFO] CodeEngine:343 - Generated code: C:\Users\jaowe\Documents\Projects\DeltaTPlusFirmware\DeltaTPlus\Core\Inc\stm32wbxx_hal_conf.h
2025-05-30 12:00:36,304 [WARN] IPConfigManager:3174 - Warning: the RefConfig RCC_PClockConfig is not available in your config.xml file
2025-05-30 12:00:36,307 [ERROR] ApiDbMcu:464 - Can't load MEMORYMAP-STM32xx root dir null
2025-05-30 12:00:36,307 [ERROR] ApiDbMcu:536 - Cannot parse MEMORYMAP_Config file : file do not exist
2025-05-30 12:00:36,307 [ERROR] ApiDbMcu:536 - Cannot parse RF_Config file : file do not exist
2025-05-30 12:00:36,313 [INFO] CodeEngine:263 - oldGeneratedFile, C:\Users\jaowe\Documents\Projects\DeltaTPlusFirmware\DeltaTPlus\Core\Inc\main.h_save
2025-05-30 12:00:36,355 [INFO] CodeEngine:287 - Generated code: C:\Users\jaowe\Documents\Projects\DeltaTPlusFirmware\DeltaTPlus\Core\Inc\main.h
2025-05-30 12:00:36,358 [INFO] CodeEngine:263 - oldGeneratedFile, C:\Users\jaowe\Documents\Projects\DeltaTPlusFirmware\DeltaTPlus\Core\Src\main.c_save
2025-05-30 12:00:36,416 [INFO] CodeEngine:287 - Generated code: C:\Users\jaowe\Documents\Projects\DeltaTPlusFirmware\DeltaTPlus\Core\Src\main.c
2025-05-30 12:00:36,811 [INFO] ProjectBuilder:3324 - Time for Copy HAL[1] : 233mS.
2025-05-30 12:00:36,820 [INFO] ProjectBuilder:4912 - Project Generator version: 4.6.0-B36
2025-05-30 12:00:36,877 [INFO] ConfigFileManager:1590 - The Die is : DIE495
2025-05-30 12:00:38,031 [INFO] ProjectBuilder:5191 - Time for Generating toolchain IDE Files: 1211mS.
2025-05-30 12:00:38,033 [INFO] ProjectBuilder:3181 - Time for Copy CMSIS : 1mS.
2025-05-30 12:00:38,045 [INFO] ProjectBuilder:3181 - Time for Copy CMSIS : 0mS.
2025-05-30 12:44:45,384 [INFO] UtilMem:75 - End SaveConfig() Used Memory: 808778080 Bytes (1073741824)
2025-05-30 12:44:47,197 [INFO] UtilMem:75 - End SaveConfig() Used Memory: 826079448 Bytes (1073741824)
2025-05-30 12:44:48,747 [INFO] UtilMem:75 - End SaveConfig() Used Memory: 875486400 Bytes (1073741824)
2025-05-30 12:44:48,987 [INFO] BlockDiagram:2775 - set Specific Code input for plugin: RTC
2025-05-30 12:44:48,988 [INFO] BlockDiagram:2775 - set Specific Code input for plugin: SPI
2025-05-30 12:44:48,988 [INFO] BlockDiagram:2775 - set Specific Code input for plugin: NVIC
2025-05-30 12:44:48,988 [INFO] BlockDiagram:2775 - set Specific Code input for plugin: SEQUENCER
2025-05-30 12:44:48,988 [INFO] BlockDiagram:2775 - set Specific Code input for plugin: STM32_WPAN
2025-05-30 12:44:48,988 [INFO] BlockDiagram:2775 - set Specific Code input for plugin: HSEM
2025-05-30 12:44:48,988 [INFO] BlockDiagram:2775 - set Specific Code input for plugin: MEMORYMAP
2025-05-30 12:44:48,988 [INFO] BlockDiagram:2775 - set Specific Code input for plugin: IPCC
2025-05-30 12:44:48,988 [INFO] BlockDiagram:2775 - set Specific Code input for plugin: USB
2025-05-30 12:44:48,988 [INFO] BlockDiagram:2775 - set Specific Code input for plugin: SYS
2025-05-30 12:44:48,989 [INFO] BlockDiagram:2775 - set Specific Code input for plugin: GPIO
2025-05-30 12:44:48,989 [INFO] BlockDiagram:2775 - set Specific Code input for plugin: RCC
2025-05-30 12:44:48,989 [INFO] BlockDiagram:2775 - set Specific Code input for plugin: RF
2025-05-30 12:44:48,989 [INFO] BlockDiagram:2775 - set Specific Code input for plugin: I2C
2025-05-30 12:44:48,989 [INFO] BlockDiagram:2775 - set Specific Code input for plugin: TINY_LPM
2025-05-30 12:44:48,991 [INFO] CodeGenerator:882 - code generatio: config db path: C:\ST\STM32CubeIDE_1.18.0\STM32CubeIDE\plugins\com.st.stm32cube.common.mx_6.14.0.202502271554\\db\
2025-05-30 12:44:49,043 [WARN] IP:2250 - SERVICE3_UUID not found: check if there is a RefParameter without a condition.
2025-05-30 12:44:49,047 [WARN] IP:2250 - SERVICE4_UUID not found: check if there is a RefParameter without a condition.
2025-05-30 12:44:49,053 [WARN] IP:2250 - SERVICE5_UUID not found: check if there is a RefParameter without a condition.
2025-05-30 12:44:49,197 [INFO] CodeEngine:263 - oldGeneratedFile, C:\Users\jaowe\Documents\Projects\DeltaTPlusFirmware\DeltaTPlus\MXTmpFiles\license.tmp_save
2025-05-30 12:44:49,416 [INFO] CodeEngine:287 - Generated code: C:\Users\jaowe\Documents\Projects\DeltaTPlusFirmware\DeltaTPlus\MXTmpFiles\license.tmp
2025-05-30 12:44:49,465 [INFO] CodeEngine:263 - oldGeneratedFile, C:\Users\jaowe\Documents\Projects\DeltaTPlusFirmware\DeltaTPlus\Core\Src\gpio.c_save
2025-05-30 12:44:49,554 [INFO] CodeEngine:287 - Generated code: C:\Users\jaowe\Documents\Projects\DeltaTPlusFirmware\DeltaTPlus\Core\Src\gpio.c
2025-05-30 12:44:49,558 [INFO] CodeEngine:263 - oldGeneratedFile, C:\Users\jaowe\Documents\Projects\DeltaTPlusFirmware\DeltaTPlus\Core\Inc\gpio.h_save
2025-05-30 12:44:49,623 [INFO] CodeEngine:287 - Generated code: C:\Users\jaowe\Documents\Projects\DeltaTPlusFirmware\DeltaTPlus\Core\Inc\gpio.h
2025-05-30 12:44:49,754 [WARN] IPConfigManager:103 - WARNING: Missing Config File for MEMORYMAP ip!!
2025-05-30 12:44:49,754 [WARN] IP:2250 - DefaultDataRegion not found: check if there is a RefParameter without a condition.
2025-05-30 12:44:49,792 [WARN] IPConfigManager:103 - WARNING: Missing Config File for RF ip!!
2025-05-30 12:44:50,106 [INFO] Middleware:1452 - No code input for Bsp Dependency
2025-05-30 12:44:50,134 [INFO] CodeEngine:263 - oldGeneratedFile, C:\Users\jaowe\Documents\Projects\DeltaTPlusFirmware\DeltaTPlus\Core\Src\i2c.c_save
2025-05-30 12:44:50,227 [INFO] CodeEngine:287 - Generated code: C:\Users\jaowe\Documents\Projects\DeltaTPlusFirmware\DeltaTPlus\Core\Src\i2c.c
2025-05-30 12:44:50,231 [INFO] CodeEngine:263 - oldGeneratedFile, C:\Users\jaowe\Documents\Projects\DeltaTPlusFirmware\DeltaTPlus\Core\Inc\i2c.h_save
2025-05-30 12:44:50,280 [INFO] CodeEngine:287 - Generated code: C:\Users\jaowe\Documents\Projects\DeltaTPlusFirmware\DeltaTPlus\Core\Inc\i2c.h
2025-05-30 12:44:50,286 [INFO] CodeEngine:263 - oldGeneratedFile, C:\Users\jaowe\Documents\Projects\DeltaTPlusFirmware\DeltaTPlus\Core\Src\ipcc.c_save
2025-05-30 12:44:50,346 [INFO] CodeEngine:287 - Generated code: C:\Users\jaowe\Documents\Projects\DeltaTPlusFirmware\DeltaTPlus\Core\Src\ipcc.c
2025-05-30 12:44:50,349 [INFO] CodeEngine:263 - oldGeneratedFile, C:\Users\jaowe\Documents\Projects\DeltaTPlusFirmware\DeltaTPlus\Core\Inc\ipcc.h_save
2025-05-30 12:44:50,392 [INFO] CodeEngine:287 - Generated code: C:\Users\jaowe\Documents\Projects\DeltaTPlusFirmware\DeltaTPlus\Core\Inc\ipcc.h
2025-05-30 12:44:50,397 [INFO] CodeEngine:263 - oldGeneratedFile, C:\Users\jaowe\Documents\Projects\DeltaTPlusFirmware\DeltaTPlus\Core\Src\memorymap.c_save
2025-05-30 12:44:50,453 [INFO] CodeEngine:287 - Generated code: C:\Users\jaowe\Documents\Projects\DeltaTPlusFirmware\DeltaTPlus\Core\Src\memorymap.c
2025-05-30 12:44:50,456 [INFO] CodeEngine:263 - oldGeneratedFile, C:\Users\jaowe\Documents\Projects\DeltaTPlusFirmware\DeltaTPlus\Core\Inc\memorymap.h_save
2025-05-30 12:44:50,506 [INFO] CodeEngine:287 - Generated code: C:\Users\jaowe\Documents\Projects\DeltaTPlusFirmware\DeltaTPlus\Core\Inc\memorymap.h
2025-05-30 12:44:50,513 [INFO] CodeEngine:263 - oldGeneratedFile, C:\Users\jaowe\Documents\Projects\DeltaTPlusFirmware\DeltaTPlus\Core\Src\rf.c_save
2025-05-30 12:44:50,573 [INFO] CodeEngine:287 - Generated code: C:\Users\jaowe\Documents\Projects\DeltaTPlusFirmware\DeltaTPlus\Core\Src\rf.c
2025-05-30 12:44:50,576 [INFO] CodeEngine:263 - oldGeneratedFile, C:\Users\jaowe\Documents\Projects\DeltaTPlusFirmware\DeltaTPlus\Core\Inc\rf.h_save
2025-05-30 12:44:50,619 [INFO] CodeEngine:287 - Generated code: C:\Users\jaowe\Documents\Projects\DeltaTPlusFirmware\DeltaTPlus\Core\Inc\rf.h
2025-05-30 12:44:50,626 [INFO] CodeEngine:263 - oldGeneratedFile, C:\Users\jaowe\Documents\Projects\DeltaTPlusFirmware\DeltaTPlus\Core\Src\rtc.c_save
2025-05-30 12:44:50,686 [INFO] CodeEngine:287 - Generated code: C:\Users\jaowe\Documents\Projects\DeltaTPlusFirmware\DeltaTPlus\Core\Src\rtc.c
2025-05-30 12:44:50,689 [INFO] CodeEngine:263 - oldGeneratedFile, C:\Users\jaowe\Documents\Projects\DeltaTPlusFirmware\DeltaTPlus\Core\Inc\rtc.h_save
2025-05-30 12:44:50,731 [INFO] CodeEngine:287 - Generated code: C:\Users\jaowe\Documents\Projects\DeltaTPlusFirmware\DeltaTPlus\Core\Inc\rtc.h
2025-05-30 12:44:50,738 [INFO] CodeEngine:263 - oldGeneratedFile, C:\Users\jaowe\Documents\Projects\DeltaTPlusFirmware\DeltaTPlus\Core\Src\spi.c_save
2025-05-30 12:44:50,796 [INFO] CodeEngine:287 - Generated code: C:\Users\jaowe\Documents\Projects\DeltaTPlusFirmware\DeltaTPlus\Core\Src\spi.c
2025-05-30 12:44:50,799 [INFO] CodeEngine:263 - oldGeneratedFile, C:\Users\jaowe\Documents\Projects\DeltaTPlusFirmware\DeltaTPlus\Core\Inc\spi.h_save
2025-05-30 12:44:50,839 [INFO] CodeEngine:287 - Generated code: C:\Users\jaowe\Documents\Projects\DeltaTPlusFirmware\DeltaTPlus\Core\Inc\spi.h
2025-05-30 12:44:50,865 [INFO] Middleware:1452 - No code input for Bsp Dependency
2025-05-30 12:44:50,884 [INFO] CodeEngine:263 - oldGeneratedFile, C:\Users\jaowe\Documents\Projects\DeltaTPlusFirmware\DeltaTPlus\Core\Inc\app_common.h_save
2025-05-30 12:44:50,923 [INFO] CodeEngine:287 - Generated code: C:\Users\jaowe\Documents\Projects\DeltaTPlusFirmware\DeltaTPlus\Core\Inc\app_common.h
2025-05-30 12:44:50,926 [INFO] CodeEngine:263 - oldGeneratedFile, C:\Users\jaowe\Documents\Projects\DeltaTPlusFirmware\DeltaTPlus\Core\Inc\app_debug.h_save
2025-05-30 12:44:50,965 [INFO] CodeEngine:287 - Generated code: C:\Users\jaowe\Documents\Projects\DeltaTPlusFirmware\DeltaTPlus\Core\Inc\app_debug.h
2025-05-30 12:44:50,968 [INFO] CodeEngine:263 - oldGeneratedFile, C:\Users\jaowe\Documents\Projects\DeltaTPlusFirmware\DeltaTPlus\Core\Inc\app_conf.h_save
2025-05-30 12:44:51,059 [INFO] CodeEngine:287 - Generated code: C:\Users\jaowe\Documents\Projects\DeltaTPlusFirmware\DeltaTPlus\Core\Inc\app_conf.h
2025-05-30 12:44:51,063 [INFO] CodeEngine:263 - oldGeneratedFile, C:\Users\jaowe\Documents\Projects\DeltaTPlusFirmware\DeltaTPlus\Core\Inc\app_entry.h_save
2025-05-30 12:44:51,104 [INFO] CodeEngine:287 - Generated code: C:\Users\jaowe\Documents\Projects\DeltaTPlusFirmware\DeltaTPlus\Core\Inc\app_entry.h
2025-05-30 12:44:51,107 [INFO] CodeEngine:263 - oldGeneratedFile, C:\Users\jaowe\Documents\Projects\DeltaTPlusFirmware\DeltaTPlus\Core\Inc\hw_conf.h_save
2025-05-30 12:44:51,153 [INFO] CodeEngine:287 - Generated code: C:\Users\jaowe\Documents\Projects\DeltaTPlusFirmware\DeltaTPlus\Core\Inc\hw_conf.h
2025-05-30 12:44:51,157 [INFO] CodeEngine:263 - oldGeneratedFile, C:\Users\jaowe\Documents\Projects\DeltaTPlusFirmware\DeltaTPlus\Core\Inc\hw_if.h_save
2025-05-30 12:44:51,200 [INFO] CodeEngine:287 - Generated code: C:\Users\jaowe\Documents\Projects\DeltaTPlusFirmware\DeltaTPlus\Core\Inc\hw_if.h
2025-05-30 12:44:51,203 [INFO] CodeEngine:263 - oldGeneratedFile, C:\Users\jaowe\Documents\Projects\DeltaTPlusFirmware\DeltaTPlus\Core\Inc\utilities_conf.h_save
2025-05-30 12:44:51,241 [INFO] CodeEngine:287 - Generated code: C:\Users\jaowe\Documents\Projects\DeltaTPlusFirmware\DeltaTPlus\Core\Inc\utilities_conf.h
2025-05-30 12:44:51,245 [INFO] CodeEngine:263 - oldGeneratedFile, C:\Users\jaowe\Documents\Projects\DeltaTPlusFirmware\DeltaTPlus\Core\Inc\stm32_lpm_if.h_save
2025-05-30 12:44:51,299 [INFO] CodeEngine:287 - Generated code: C:\Users\jaowe\Documents\Projects\DeltaTPlusFirmware\DeltaTPlus\Core\Inc\stm32_lpm_if.h
2025-05-30 12:44:51,305 [INFO] CodeEngine:263 - oldGeneratedFile, C:\Users\jaowe\Documents\Projects\DeltaTPlusFirmware\DeltaTPlus\Core\Src\app_entry.c_save
2025-05-30 12:44:51,367 [INFO] CodeEngine:287 - Generated code: C:\Users\jaowe\Documents\Projects\DeltaTPlusFirmware\DeltaTPlus\Core\Src\app_entry.c
2025-05-30 12:44:51,371 [INFO] CodeEngine:263 - oldGeneratedFile, C:\Users\jaowe\Documents\Projects\DeltaTPlusFirmware\DeltaTPlus\Core\Src\app_debug.c_save
2025-05-30 12:44:51,430 [INFO] CodeEngine:287 - Generated code: C:\Users\jaowe\Documents\Projects\DeltaTPlusFirmware\DeltaTPlus\Core\Src\app_debug.c
2025-05-30 12:44:51,434 [INFO] CodeEngine:263 - oldGeneratedFile, C:\Users\jaowe\Documents\Projects\DeltaTPlusFirmware\DeltaTPlus\Core\Src\hw_timerserver.c_save
2025-05-30 12:44:51,490 [INFO] CodeEngine:287 - Generated code: C:\Users\jaowe\Documents\Projects\DeltaTPlusFirmware\DeltaTPlus\Core\Src\hw_timerserver.c
2025-05-30 12:44:51,497 [INFO] CodeEngine:263 - oldGeneratedFile, C:\Users\jaowe\Documents\Projects\DeltaTPlusFirmware\DeltaTPlus\Core\Src\stm32_lpm_if.c_save
2025-05-30 12:44:51,572 [INFO] CodeEngine:287 - Generated code: C:\Users\jaowe\Documents\Projects\DeltaTPlusFirmware\DeltaTPlus\Core\Src\stm32_lpm_if.c
2025-05-30 12:44:51,577 [INFO] CodeEngine:263 - oldGeneratedFile, C:\Users\jaowe\Documents\Projects\DeltaTPlusFirmware\DeltaTPlus\STM32_WPAN\App\app_ble.c_save
2025-05-30 12:44:51,722 [INFO] CodeEngine:287 - Generated code: C:\Users\jaowe\Documents\Projects\DeltaTPlusFirmware\DeltaTPlus\STM32_WPAN\App\app_ble.c
2025-05-30 12:44:51,725 [INFO] CodeEngine:263 - oldGeneratedFile, C:\Users\jaowe\Documents\Projects\DeltaTPlusFirmware\DeltaTPlus\STM32_WPAN\App\app_ble.h_save
2025-05-30 12:44:51,765 [INFO] CodeEngine:287 - Generated code: C:\Users\jaowe\Documents\Projects\DeltaTPlusFirmware\DeltaTPlus\STM32_WPAN\App\app_ble.h
2025-05-30 12:44:51,768 [INFO] CodeEngine:263 - oldGeneratedFile, C:\Users\jaowe\Documents\Projects\DeltaTPlusFirmware\DeltaTPlus\STM32_WPAN\App\ble_conf.h_save
2025-05-30 12:44:51,813 [INFO] CodeEngine:287 - Generated code: C:\Users\jaowe\Documents\Projects\DeltaTPlusFirmware\DeltaTPlus\STM32_WPAN\App\ble_conf.h
2025-05-30 12:44:51,818 [INFO] CodeEngine:263 - oldGeneratedFile, C:\Users\jaowe\Documents\Projects\DeltaTPlusFirmware\DeltaTPlus\STM32_WPAN\App\ble_dbg_conf.h_save
2025-05-30 12:44:51,858 [INFO] CodeEngine:287 - Generated code: C:\Users\jaowe\Documents\Projects\DeltaTPlusFirmware\DeltaTPlus\STM32_WPAN\App\ble_dbg_conf.h
2025-05-30 12:44:51,863 [INFO] CodeEngine:263 - oldGeneratedFile, C:\Users\jaowe\Documents\Projects\DeltaTPlusFirmware\DeltaTPlus\STM32_WPAN\App\tl_dbg_conf.h_save
2025-05-30 12:44:51,904 [INFO] CodeEngine:287 - Generated code: C:\Users\jaowe\Documents\Projects\DeltaTPlusFirmware\DeltaTPlus\STM32_WPAN\App\tl_dbg_conf.h
2025-05-30 12:44:51,907 [INFO] CodeEngine:263 - oldGeneratedFile, C:\Users\jaowe\Documents\Projects\DeltaTPlusFirmware\DeltaTPlus\STM32_WPAN\App\template_server_app.h_save
2025-05-30 12:44:51,948 [INFO] CodeEngine:287 - Generated code: C:\Users\jaowe\Documents\Projects\DeltaTPlusFirmware\DeltaTPlus\STM32_WPAN\App\template_server_app.h
2025-05-30 12:44:51,951 [INFO] CodeEngine:263 - oldGeneratedFile, C:\Users\jaowe\Documents\Projects\DeltaTPlusFirmware\DeltaTPlus\STM32_WPAN\App\custom_stm.c_save
2025-05-30 12:44:52,956 [INFO] CodeEngine:287 - Generated code: C:\Users\jaowe\Documents\Projects\DeltaTPlusFirmware\DeltaTPlus\STM32_WPAN\App\custom_stm.c
2025-05-30 12:44:52,961 [INFO] CodeEngine:263 - oldGeneratedFile, C:\Users\jaowe\Documents\Projects\DeltaTPlusFirmware\DeltaTPlus\STM32_WPAN\App\custom_stm.h_save
2025-05-30 12:44:53,116 [INFO] CodeEngine:287 - Generated code: C:\Users\jaowe\Documents\Projects\DeltaTPlusFirmware\DeltaTPlus\STM32_WPAN\App\custom_stm.h
2025-05-30 12:44:53,119 [INFO] CodeEngine:263 - oldGeneratedFile, C:\Users\jaowe\Documents\Projects\DeltaTPlusFirmware\DeltaTPlus\STM32_WPAN\App\custom_app.c_save
2025-05-30 12:44:53,275 [INFO] CodeEngine:287 - Generated code: C:\Users\jaowe\Documents\Projects\DeltaTPlusFirmware\DeltaTPlus\STM32_WPAN\App\custom_app.c
2025-05-30 12:44:53,279 [INFO] CodeEngine:263 - oldGeneratedFile, C:\Users\jaowe\Documents\Projects\DeltaTPlusFirmware\DeltaTPlus\STM32_WPAN\App\custom_app.h_save
2025-05-30 12:44:53,316 [INFO] CodeEngine:287 - Generated code: C:\Users\jaowe\Documents\Projects\DeltaTPlusFirmware\DeltaTPlus\STM32_WPAN\App\custom_app.h
2025-05-30 12:44:53,319 [INFO] CodeEngine:263 - oldGeneratedFile, C:\Users\jaowe\Documents\Projects\DeltaTPlusFirmware\DeltaTPlus\STM32_WPAN\Target\hw_ipcc.c_save
2025-05-30 12:44:53,364 [INFO] CodeEngine:287 - Generated code: C:\Users\jaowe\Documents\Projects\DeltaTPlusFirmware\DeltaTPlus\STM32_WPAN\Target\hw_ipcc.c
2025-05-30 12:44:53,371 [INFO] CodeEngine:263 - oldGeneratedFile, C:\Users\jaowe\Documents\Projects\DeltaTPlusFirmware\DeltaTPlus\Core\Src\usb.c_save
2025-05-30 12:44:53,434 [INFO] CodeEngine:287 - Generated code: C:\Users\jaowe\Documents\Projects\DeltaTPlusFirmware\DeltaTPlus\Core\Src\usb.c
2025-05-30 12:44:53,436 [INFO] CodeEngine:263 - oldGeneratedFile, C:\Users\jaowe\Documents\Projects\DeltaTPlusFirmware\DeltaTPlus\Core\Inc\usb.h_save
2025-05-30 12:44:53,475 [INFO] CodeEngine:287 - Generated code: C:\Users\jaowe\Documents\Projects\DeltaTPlusFirmware\DeltaTPlus\Core\Inc\usb.h
2025-05-30 12:44:53,483 [INFO] CodeEngine:263 - oldGeneratedFile, C:\Users\jaowe\Documents\Projects\DeltaTPlusFirmware\DeltaTPlus\Core\Src\stm32wbxx_it.c_save
2025-05-30 12:44:53,602 [INFO] CodeEngine:287 - Generated code: C:\Users\jaowe\Documents\Projects\DeltaTPlusFirmware\DeltaTPlus\Core\Src\stm32wbxx_it.c
2025-05-30 12:44:53,605 [INFO] CodeEngine:263 - oldGeneratedFile, C:\Users\jaowe\Documents\Projects\DeltaTPlusFirmware\DeltaTPlus\Core\Inc\stm32wbxx_it.h_save
2025-05-30 12:44:53,651 [INFO] CodeEngine:287 - Generated code: C:\Users\jaowe\Documents\Projects\DeltaTPlusFirmware\DeltaTPlus\Core\Inc\stm32wbxx_it.h
2025-05-30 12:44:53,663 [INFO] CodeEngine:263 - oldGeneratedFile, C:\Users\jaowe\Documents\Projects\DeltaTPlusFirmware\DeltaTPlus\Core\Src\stm32wbxx_hal_msp.c_save
2025-05-30 12:44:53,725 [INFO] CodeEngine:287 - Generated code: C:\Users\jaowe\Documents\Projects\DeltaTPlusFirmware\DeltaTPlus\Core\Src\stm32wbxx_hal_msp.c
2025-05-30 12:44:53,728 [INFO] CodeEngine:263 - oldGeneratedFile, C:\Users\jaowe\Documents\Projects\DeltaTPlusFirmware\DeltaTPlus\MXTmpFiles\system.tmp_save
2025-05-30 12:44:53,769 [INFO] CodeEngine:287 - Generated code: C:\Users\jaowe\Documents\Projects\DeltaTPlusFirmware\DeltaTPlus\MXTmpFiles\system.tmp
2025-05-30 12:44:53,775 [INFO] CodeEngine:319 - oldGeneratedFile, C:\Users\jaowe\Documents\Projects\DeltaTPlusFirmware\DeltaTPlus\Core\Inc\stm32wbxx_hal_conf.h_save
2025-05-30 12:44:53,842 [INFO] CodeEngine:343 - Generated code: C:\Users\jaowe\Documents\Projects\DeltaTPlusFirmware\DeltaTPlus\Core\Inc\stm32wbxx_hal_conf.h
2025-05-30 12:44:53,850 [WARN] IPConfigManager:3174 - Warning: the RefConfig RCC_PClockConfig is not available in your config.xml file
2025-05-30 12:44:53,854 [ERROR] ApiDbMcu:464 - Can't load MEMORYMAP-STM32xx root dir null
2025-05-30 12:44:53,854 [ERROR] ApiDbMcu:536 - Cannot parse MEMORYMAP_Config file : file do not exist
2025-05-30 12:44:53,854 [ERROR] ApiDbMcu:536 - Cannot parse RF_Config file : file do not exist
2025-05-30 12:44:53,864 [INFO] ApiDbMcu:508 - Load IP Config File for USB
2025-05-30 12:44:53,872 [INFO] CodeEngine:263 - oldGeneratedFile, C:\Users\jaowe\Documents\Projects\DeltaTPlusFirmware\DeltaTPlus\Core\Inc\main.h_save
2025-05-30 12:44:53,946 [INFO] CodeEngine:287 - Generated code: C:\Users\jaowe\Documents\Projects\DeltaTPlusFirmware\DeltaTPlus\Core\Inc\main.h
2025-05-30 12:44:53,951 [INFO] CodeEngine:263 - oldGeneratedFile, C:\Users\jaowe\Documents\Projects\DeltaTPlusFirmware\DeltaTPlus\Core\Src\main.c_save
2025-05-30 12:44:54,021 [INFO] CodeEngine:287 - Generated code: C:\Users\jaowe\Documents\Projects\DeltaTPlusFirmware\DeltaTPlus\Core\Src\main.c
2025-05-30 12:44:54,328 [INFO] ProjectBuilder:3324 - Time for Copy HAL[1] : 184mS.
2025-05-30 12:44:54,333 [INFO] ProjectBuilder:4912 - Project Generator version: 4.6.0-B36
2025-05-30 12:44:54,386 [INFO] ConfigFileManager:1590 - The Die is : DIE495
2025-05-30 12:44:55,715 [INFO] ProjectBuilder:5191 - Time for Generating toolchain IDE Files: 1381mS.
2025-05-30 12:44:55,716 [INFO] ProjectBuilder:3181 - Time for Copy CMSIS : 1mS.
2025-05-30 12:44:55,725 [INFO] ProjectBuilder:3181 - Time for Copy CMSIS : 1mS.
2025-05-30 12:48:19,357 [INFO] MainUpdater:2872 - connection check result : 10
2025-05-30 12:48:19,358 [INFO] MainUpdater:2872 - connection check result : 10
2025-05-30 12:48:19,400 [INFO] I2cTimingTraitement:330 - 0x00B07CB4
2025-05-30 12:48:19,405 [INFO] MicroXplorer:468 - Change Database Path : 
2025-05-30 12:48:19,405 [INFO] MicroXplorer:498 - Change Database Version : DB.6.0.140
2025-05-30 12:48:19,422 [ERROR] ProjectManagerView:394 - 
java.lang.NullPointerException: Cannot invoke "javax.swing.JTextField.getText()" because the return value of "java.util.List.get(int)" is null
	at com.st.microxplorer.plugins.projectmanager.gui.ProjectChoiceTab$9.caretUpdate(ProjectChoiceTab.java:2678) ~[filemanager.jar:?]
	at javax.swing.text.JTextComponent.fireCaretUpdate(JTextComponent.java:408) ~[?:?]
	at javax.swing.text.JTextComponent$MutableCaretEvent.fire(JTextComponent.java:4484) ~[?:?]
	at javax.swing.text.JTextComponent$MutableCaretEvent.stateChanged(JTextComponent.java:4506) ~[?:?]
	at javax.swing.text.DefaultCaret.fireStateChanged(DefaultCaret.java:857) ~[?:?]
	at javax.swing.text.DefaultCaret.changeCaretPosition(DefaultCaret.java:1343) ~[?:?]
	at javax.swing.text.DefaultCaret.handleSetDot(DefaultCaret.java:1242) ~[?:?]
	at javax.swing.text.DefaultCaret.setDot(DefaultCaret.java:1223) ~[?:?]
	at javax.swing.text.DefaultCaret$Handler.insertUpdate(DefaultCaret.java:1819) ~[?:?]
	at javax.swing.text.AbstractDocument.fireInsertUpdate(AbstractDocument.java:227) ~[?:?]
	at javax.swing.text.AbstractDocument.handleInsertString(AbstractDocument.java:781) ~[?:?]
	at javax.swing.text.AbstractDocument.insertString(AbstractDocument.java:740) ~[?:?]
	at javax.swing.text.PlainDocument.insertString(PlainDocument.java:131) ~[?:?]
	at javax.swing.text.AbstractDocument.replace(AbstractDocument.java:699) ~[?:?]
	at javax.swing.text.JTextComponent.setText(JTextComponent.java:1725) ~[?:?]
	at com.st.microxplorer.plugins.projectmanager.gui.ProjectChoiceTab.createHeapStackFields(ProjectChoiceTab.java:979) ~[filemanager.jar:?]
	at com.st.microxplorer.plugins.projectmanager.gui.ProjectChoiceTab.buildLinkSettingsPanel(ProjectChoiceTab.java:3766) ~[filemanager.jar:?]
	at com.st.microxplorer.plugins.projectmanager.gui.ProjectChoiceTab.defineWindowsFields(ProjectChoiceTab.java:1962) ~[filemanager.jar:?]
	at com.st.microxplorer.plugins.projectmanager.gui.ProjectChoiceTab.updateSettings(ProjectChoiceTab.java:555) ~[filemanager.jar:?]
	at com.st.microxplorer.plugins.projectmanager.gui.ProjectSettingsPanel.UpdateDialog(ProjectSettingsPanel.java:245) ~[filemanager.jar:?]
	at com.st.microxplorer.plugins.projectmanager.ProjectManagerView.propertyChange(ProjectManagerView.java:391) ~[filemanager.jar:?]
	at java.beans.PropertyChangeSupport.fire(PropertyChangeSupport.java:343) ~[?:?]
	at java.beans.PropertyChangeSupport.firePropertyChange(PropertyChangeSupport.java:335) ~[?:?]
	at java.beans.PropertyChangeSupport.firePropertyChange(PropertyChangeSupport.java:268) ~[?:?]
	at com.st.microxplorer.util.MXPropertyChangeSupport.firePropertyChange(MXPropertyChangeSupport.java:54) ~[STM32CubeMX.jar:?]
	at com.st.microxplorer.mxsystem.MxSystem.closeConfig(MxSystem.java:899) ~[STM32CubeMX.jar:?]
	at com.st.microxplorer.maingui.MainPanel.closeConfig(MainPanel.java:789) ~[STM32CubeMX.jar:?]
	at com.st.microxplorer.plugins.filemanager.engine.OpenFileManager.loadConfigurationFile(OpenFileManager.java:287) ~[filemanager.jar:?]
	at com.st.microxplorer.plugins.filemanager.engine.MainFileManager.userLoadConfig(MainFileManager.java:341) ~[filemanager.jar:?]
	at com.st.microxplorer.plugins.filemanager.engine.MainFileManager.userLoadConfig(MainFileManager.java:319) ~[filemanager.jar:?]
	at com.st.microxplorer.plugins.filemanager.FileManagerView.getSpecificTask(FileManagerView.java:246) ~[filemanager.jar:?]
	at com.st.stm32cube.common.mx.editor.CubeMxEditor.getMxTabbedPaneInstance(CubeMxEditor.java:1198) ~[com.st.stm32cube.common.mx_6.14.0.202502271554/:?]
	at com.st.stm32cube.common.mx.editor.CubeMxEditor$12$1.createSwingComponent(CubeMxEditor.java:1068) ~[com.st.stm32cube.common.mx_6.14.0.202502271554/:?]
	at com.st.stm32cube.common.mx.oss.core.awtswtbridge.EmbeddedSwingComposite.doComponentCreation(EmbeddedSwingComposite.java:492) ~[com.st.stm32cube.common.mx.oss_6.14.0.202502271554/:?]
	at com.st.stm32cube.common.mx.oss.core.awtswtbridge.EmbeddedSwingComposite$4.run(EmbeddedSwingComposite.java:291) ~[com.st.stm32cube.common.mx.oss_6.14.0.202502271554/:?]
	at com.st.stm32cube.common.mx.oss.core.awtswtbridge.AwtEnvironment$2.run(AwtEnvironment.java:166) ~[com.st.stm32cube.common.mx.oss_6.14.0.202502271554/:?]
	at java.awt.event.InvocationEvent.dispatch(InvocationEvent.java:318) ~[?:?]
	at java.awt.EventQueue.dispatchEventImpl(EventQueue.java:773) ~[?:?]
	at java.awt.EventQueue$4.run(EventQueue.java:720) ~[?:?]
	at java.awt.EventQueue$4.run(EventQueue.java:714) ~[?:?]
	at java.security.AccessController.doPrivileged(AccessController.java:400) ~[?:?]
	at java.security.ProtectionDomain$JavaSecurityAccessImpl.doIntersectionPrivilege(ProtectionDomain.java:87) ~[?:?]
	at java.awt.EventQueue.dispatchEvent(EventQueue.java:742) ~[?:?]
	at java.awt.EventDispatchThread.pumpOneEventForFilters(EventDispatchThread.java:203) ~[?:?]
	at java.awt.EventDispatchThread.pumpEventsForFilter(EventDispatchThread.java:124) ~[?:?]
	at java.awt.EventDispatchThread.pumpEventsForHierarchy(EventDispatchThread.java:113) ~[?:?]
	at java.awt.EventDispatchThread.pumpEvents(EventDispatchThread.java:109) ~[?:?]
	at java.awt.EventDispatchThread.pumpEvents(EventDispatchThread.java:101) ~[?:?]
	at java.awt.EventDispatchThread.run(EventDispatchThread.java:90) ~[?:?]
2025-05-30 12:48:19,433 [WARN] ThirdParty:871 - waiting for thirdparty lock release [close project]
2025-05-30 12:48:19,433 [INFO] ThirdParty:873 - entering critical section [close project]
2025-05-30 12:48:19,433 [INFO] ThirdParty:883 - exiting critical section [close project]
2025-05-30 12:48:19,436 [INFO] PinOutPanel:1589 - setPackage(No Configuration,No Configuration)
2025-05-30 12:48:19,458 [INFO] UtilMem:75 - Begin LoadConfig() Used Memory: 961639376 Bytes (1073741824)
2025-05-30 12:48:19,460 [INFO] MicroXplorer:468 - Change Database Path : 
2025-05-30 12:48:19,460 [INFO] MicroXplorer:498 - Change Database Version : DB.6.0.140
2025-05-30 12:48:19,460 [INFO] OpenFileManager:354 - Change cursor
2025-05-30 12:48:19,480 [INFO] RulesReader:64 - Compatibility file has been processed (301 Rules)
2025-05-30 12:48:19,484 [INFO] Mcu:2011 - Initializing MCU STM32WB55CGUx STM32WB55CGUx STM32WB55CGU6
2025-05-30 12:48:20,317 [INFO] Context:756 - Trying to add GPIOservice into a context  which must be forbidden
2025-05-30 12:48:20,925 [INFO] ImportTextPane:218 - (OptionalMessage_ERROR) Pin35 (VP_RIF_VS_RIF1) cannot be retrieved for this MCU
2025-05-30 12:48:21,031 [INFO] RtosManager:558 - Registered RTOS mode: class=CMSIS, group=RTOS, mode=CMSIS_V1, owner=FREERTOS
2025-05-30 12:48:21,031 [INFO] RtosManager:558 - Registered RTOS mode: class=CMSIS, group=RTOS2, mode=CMSIS_V2, owner=FREERTOS
2025-05-30 12:48:21,031 [INFO] RtosManager:558 - Registered RTOS mode: class=RTOS, group=Core, mode=CMSIS_V1, owner=FREERTOS
2025-05-30 12:48:21,031 [INFO] RtosManager:558 - Registered RTOS mode: class=RTOS, group=Core, mode=CMSIS_V2, owner=FREERTOS
2025-05-30 12:48:21,031 [WARN] ModelIntegratedComponent:184 - Missing modes for component STMicroelectronics:FreeRTOS:0.0.1:STMicroelectronics:RTOS:FreeRTOS:Core:::10.2.0:
2025-05-30 12:48:21,038 [WARN] ModelIntegratedComponent:63 - No mode defined for component null
2025-05-30 12:48:21,038 [WARN] ModelIntegratedComponent:63 - No mode defined for component null
2025-05-30 12:48:21,038 [WARN] ModelIntegratedComponent:63 - No mode defined for component null
2025-05-30 12:48:21,038 [WARN] ModelIntegratedComponent:63 - No mode defined for component null
2025-05-30 12:48:21,038 [WARN] ModelIntegratedComponent:63 - No mode defined for component null
2025-05-30 12:48:21,038 [WARN] ModelIntegratedComponent:63 - No mode defined for component null
2025-05-30 12:48:21,038 [WARN] ModelIntegratedComponent:63 - No mode defined for component null
2025-05-30 12:48:21,038 [WARN] ModelIntegratedComponent:63 - No mode defined for component null
2025-05-30 12:48:21,038 [WARN] ModelIntegratedComponent:63 - No mode defined for component null
2025-05-30 12:48:21,038 [WARN] ModelIntegratedComponent:63 - No mode defined for component null
2025-05-30 12:48:21,038 [WARN] ModelIntegratedComponent:63 - No mode defined for component null
2025-05-30 12:48:21,039 [WARN] ModelIntegratedComponent:63 - No mode defined for component null
2025-05-30 12:48:21,039 [WARN] ModelIntegratedComponent:63 - No mode defined for component null
2025-05-30 12:48:21,039 [WARN] ModelIntegratedComponent:63 - No mode defined for component null
2025-05-30 12:48:21,039 [WARN] ModelIntegratedComponent:63 - No mode defined for component null
2025-05-30 12:48:21,039 [WARN] ModelIntegratedComponent:63 - No mode defined for component null
2025-05-30 12:48:21,039 [WARN] ModelIntegratedComponent:63 - No mode defined for component null
2025-05-30 12:48:21,039 [WARN] ModelIntegratedComponent:63 - No mode defined for component null
2025-05-30 12:48:21,039 [WARN] ModelIntegratedComponent:63 - No mode defined for component null
2025-05-30 12:48:21,039 [WARN] ModelIntegratedComponent:63 - No mode defined for component null
2025-05-30 12:48:21,039 [WARN] ModelIntegratedComponent:63 - No mode defined for component null
2025-05-30 12:48:21,039 [WARN] ModelIntegratedComponent:63 - No mode defined for component null
2025-05-30 12:48:21,039 [WARN] ModelIntegratedComponent:63 - No mode defined for component null
2025-05-30 12:48:21,039 [WARN] ModelIntegratedComponent:63 - No mode defined for component null
2025-05-30 12:48:21,039 [WARN] ModelIntegratedComponent:63 - No mode defined for component null
2025-05-30 12:48:21,039 [WARN] ModelIntegratedComponent:63 - No mode defined for component null
2025-05-30 12:48:21,039 [WARN] ModelIntegratedComponent:63 - No mode defined for component null
2025-05-30 12:48:21,039 [WARN] ModelIntegratedComponent:63 - No mode defined for component null
2025-05-30 12:48:21,039 [WARN] ModelIntegratedComponent:63 - No mode defined for component null
2025-05-30 12:48:21,039 [WARN] ModelIntegratedComponent:63 - No mode defined for component null
2025-05-30 12:48:21,039 [WARN] ModelIntegratedComponent:63 - No mode defined for component null
2025-05-30 12:48:21,039 [WARN] ModelIntegratedComponent:63 - No mode defined for component null
2025-05-30 12:48:21,039 [WARN] ModelIntegratedComponent:63 - No mode defined for component null
2025-05-30 12:48:21,039 [WARN] ModelIntegratedComponent:63 - No mode defined for component null
2025-05-30 12:48:21,039 [WARN] ModelIntegratedComponent:63 - No mode defined for component null
2025-05-30 12:48:21,039 [WARN] ModelPack:524 - Component already loaded: STMicroelectronics:HAL Drivers:0.0.0:STMicroelectronics:Device:STMicro_Driver:XSPI:HAL::0.0.1:HAL_XSPI
2025-05-30 12:48:21,095 [INFO] ThirdPartyModel:298 - Start build external matchings
2025-05-30 12:48:21,452 [INFO] ThirdPartyModel:316 - End build external matchings
2025-05-30 12:48:21,468 [INFO] ImportTextPane:218 - (OptionalMessage_ERROR) IP (RCC) : Invalid parameter (FamilyName)
2025-05-30 12:48:21,512 [WARN] IP:2250 - SERVICE3_UUID not found: check if there is a RefParameter without a condition.
2025-05-30 12:48:21,516 [WARN] IP:2250 - SERVICE4_UUID not found: check if there is a RefParameter without a condition.
2025-05-30 12:48:21,521 [WARN] IP:2250 - SERVICE5_UUID not found: check if there is a RefParameter without a condition.
2025-05-30 12:48:21,537 [INFO] ImportTextPane:218 - (OptionalMessage_ERROR) IP (STM32_WPAN) : Parameter (SERVICE1_CHAR2_UUID) has invalid value (FE 42)
2025-05-30 12:48:21,538 [INFO] ImportTextPane:218 - (OptionalMessage_ERROR) IP (STM32_WPAN) : Parameter (SERVICE2_CHAR2_UUID_TYPE) has invalid value (0x02)
2025-05-30 12:48:21,538 [INFO] ImportTextPane:218 - (OptionalMessage_ERROR) IP (STM32_WPAN) : Parameter (SERVICE2_CHAR2_UUID_128_INPUT_TYPE) has invalid value (1)
2025-05-30 12:48:21,538 [INFO] ImportTextPane:218 - (OptionalMessage_ERROR) IP (STM32_WPAN) : Parameter (SERVICE2_CHAR2_UUID) has invalid value (00 00 FE 11 8E 22 45 41 9D 4C 21 ED AE 82 ED 19)
2025-05-30 12:48:21,646 [INFO] UtilMem:75 - End LoadConfig() Used Memory: 745027888 Bytes (1073741824)
2025-05-30 12:48:21,675 [WARN] ThirdParty:833 - waiting for thirdparty lock release [change project]
2025-05-30 12:48:21,676 [INFO] ThirdParty:835 - entering critical section [change project]
2025-05-30 12:48:21,676 [INFO] ThirdParty:1030 - CMSIS Pack Vendor :STMicroelectronics USBPD 4.1
2025-05-30 12:48:21,676 [INFO] ThirdParty:1030 - CMSIS Pack Vendor :STMicroelectronics X-CUBE-AZRTOS-H7 3.3.0
2025-05-30 12:48:21,676 [INFO] ThirdParty:1030 - CMSIS Pack Vendor :STMicroelectronics X-CUBE-NFC9 1.0.0
2025-05-30 12:48:21,676 [INFO] ThirdParty:1030 - CMSIS Pack Vendor :STMicroelectronics USB_HOST 2.0.0
2025-05-30 12:48:21,676 [INFO] ThirdParty:1030 - CMSIS Pack Vendor :STMicroelectronics FP-SNS-MOTENVWB1 1.4.0
2025-05-30 12:48:21,676 [INFO] ThirdParty:1030 - CMSIS Pack Vendor :STMicroelectronics X-CUBE-AZRTOS-F4 1.1.0
2025-05-30 12:48:21,676 [INFO] ThirdParty:1030 - CMSIS Pack Vendor :STMicroelectronics LIBJPEG 8.0.0
2025-05-30 12:48:21,676 [INFO] ThirdParty:1030 - CMSIS Pack Vendor :STMicroelectronics FP-ATR-ASTRA1 2.0.2
2025-05-30 12:48:21,676 [INFO] ThirdParty:1030 - CMSIS Pack Vendor :STMicroelectronics X-CUBE-BLE1 7.1.0
2025-05-30 12:48:21,676 [INFO] ThirdParty:1030 - CMSIS Pack Vendor :Avnet-IotConnect X-CUBE-IoTC-DA16k-PMOD 1.0.0
2025-05-30 12:48:21,676 [INFO] ThirdParty:1030 - CMSIS Pack Vendor :STMicroelectronics X-CUBE-SMBUS 2.1.0
2025-05-30 12:48:21,676 [INFO] ThirdParty:1030 - CMSIS Pack Vendor :STMicroelectronics X-CUBE-WB05N 1.1.0
2025-05-30 12:48:21,676 [INFO] ThirdParty:1030 - CMSIS Pack Vendor :wolfSSL I-CUBE-wolfMQTT 1.19.2
2025-05-30 12:48:21,676 [INFO] ThirdParty:1030 - CMSIS Pack Vendor :STMicroelectronics USB_DEVICE 3.0.0
2025-05-30 12:48:21,676 [INFO] ThirdParty:1030 - CMSIS Pack Vendor :STMicroelectronics X-CUBE-ISPU 2.1.0
2025-05-30 12:48:21,676 [INFO] ThirdParty:1030 - CMSIS Pack Vendor :STMicroelectronics X-CUBE-AZRTOS-WB 2.0.0
2025-05-30 12:48:21,676 [INFO] ThirdParty:1030 - CMSIS Pack Vendor :STMicroelectronics X-CUBE-ST60 1.0.0
2025-05-30 12:48:21,676 [INFO] ThirdParty:1030 - CMSIS Pack Vendor :STMicroelectronics X-CUBE-GNSS1 7.0.1
2025-05-30 12:48:21,676 [INFO] ThirdParty:1030 - CMSIS Pack Vendor :STMicroelectronics X-CUBE-AZRTOS-F7 1.1.0
2025-05-30 12:48:21,676 [INFO] ThirdParty:1030 - CMSIS Pack Vendor :STMicroelectronics X-CUBE-AZRTOS-L5 2.0.0
2025-05-30 12:48:21,676 [INFO] ThirdParty:1030 - CMSIS Pack Vendor :STMicroelectronics X-CUBE-TOUCHGFX 4.25.0
2025-05-30 12:48:21,676 [INFO] ThirdParty:1030 - CMSIS Pack Vendor :STMicroelectronics USB_DEVICE 2.0.0
2025-05-30 12:48:21,676 [INFO] ThirdParty:1030 - CMSIS Pack Vendor :STMicroelectronics X-CUBE-NFC6 3.1.0
2025-05-30 12:48:21,676 [INFO] ThirdParty:1030 - CMSIS Pack Vendor :STMicroelectronics FP-SNS-STBOX1 2.0.0
2025-05-30 12:48:21,676 [INFO] ThirdParty:1030 - CMSIS Pack Vendor :STMicroelectronics X-CUBE-MEMS1 11.2.0
2025-05-30 12:48:21,676 [INFO] ThirdParty:1030 - CMSIS Pack Vendor :STMicroelectronics FreeRTOS 0.0.1
2025-05-30 12:48:21,676 [INFO] ThirdParty:1030 - CMSIS Pack Vendor :STMicroelectronics X-CUBE-AZRTOS-G0 1.1.0
2025-05-30 12:48:21,676 [INFO] ThirdParty:1030 - CMSIS Pack Vendor :STMicroelectronics X-CUBE-SAFEA1 1.2.2
2025-05-30 12:48:21,676 [INFO] ThirdParty:1030 - CMSIS Pack Vendor :STMicroelectronics X-CUBE-NFC4 3.0.0
2025-05-30 12:48:21,676 [INFO] ThirdParty:1030 - CMSIS Pack Vendor :STMicroelectronics X-CUBE-DPower 1.2.0
2025-05-30 12:48:21,676 [INFO] ThirdParty:1030 - CMSIS Pack Vendor :STMicroelectronics X-CUBE-SUBG2 5.0.0
2025-05-30 12:48:21,676 [INFO] ThirdParty:1030 - CMSIS Pack Vendor :STMicroelectronics X-CUBE-AZRTOS-H7RS 1.1.0
2025-05-30 12:48:21,676 [INFO] ThirdParty:1030 - CMSIS Pack Vendor :STMicroelectronics STM32_WPAN 1.0.0
2025-05-30 12:48:21,676 [INFO] ThirdParty:1030 - CMSIS Pack Vendor :EmbeddedOffice I-CUBE-FS-RTOS 1.0.1
2025-05-30 12:48:21,676 [INFO] ThirdParty:1030 - CMSIS Pack Vendor :STMicroelectronics lwIP 2.0.3
2025-05-30 12:48:21,676 [INFO] ThirdParty:1030 - CMSIS Pack Vendor :STMicroelectronics FP-SNS-FLIGHT1 5.0.2
2025-05-30 12:48:21,676 [INFO] ThirdParty:1030 - CMSIS Pack Vendor :Cesanta I-CUBE-Mongoose 7.13.0
2025-05-30 12:48:21,676 [INFO] ThirdParty:1030 - CMSIS Pack Vendor :STMicroelectronics USB_HOST 1.0.0
2025-05-30 12:48:21,676 [INFO] ThirdParty:1030 - CMSIS Pack Vendor :Infineon AIROC-Wi-Fi-Bluetooth-STM32 1.7.0
2025-05-30 12:48:21,676 [INFO] ThirdParty:1030 - CMSIS Pack Vendor :STMicroelectronics X-CUBE-AZRTOS-G4 2.0.0
2025-05-30 12:48:21,676 [INFO] ThirdParty:1030 - CMSIS Pack Vendor :STMicroelectronics X-CUBE-WB05N 2.0.0
2025-05-30 12:48:21,676 [INFO] ThirdParty:1030 - CMSIS Pack Vendor :STMicroelectronics PDM2PCM 3.1.0
2025-05-30 12:48:21,676 [INFO] ThirdParty:1030 - CMSIS Pack Vendor :STMicroelectronics PDM2PCM 3.3.0
2025-05-30 12:48:21,677 [INFO] ThirdParty:1030 - CMSIS Pack Vendor :wolfSSL I-CUBE-wolfTPM 3.8.0
2025-05-30 12:48:21,677 [INFO] ThirdParty:1030 - CMSIS Pack Vendor :STMicroelectronics X-CUBE-DISPLAY 3.0.0
2025-05-30 12:48:21,677 [INFO] ThirdParty:1030 - CMSIS Pack Vendor :wolfSSL I-CUBE-wolfSSH 1.4.20
2025-05-30 12:48:21,677 [INFO] ThirdParty:1030 - CMSIS Pack Vendor :STMicroelectronics X-CUBE-NFC7 2.0.0
2025-05-30 12:48:21,677 [INFO] ThirdParty:1030 - CMSIS Pack Vendor :STMicroelectronics X-CUBE-TCPP 4.2.0
2025-05-30 12:48:21,677 [INFO] ThirdParty:1030 - CMSIS Pack Vendor :RealThread X-CUBE-RT-Thread_Nano 4.1.1
2025-05-30 12:48:21,677 [INFO] ThirdParty:1030 - CMSIS Pack Vendor :STMicroelectronics X-CUBE-BLE1 7.0.0
2025-05-30 12:48:21,677 [INFO] ThirdParty:1030 - CMSIS Pack Vendor :STMicroelectronics FP-ATR-SIGFOX1 3.2.0
2025-05-30 12:48:21,677 [INFO] ThirdParty:1030 - CMSIS Pack Vendor :STMicroelectronics X-CUBE-NFC10 1.0.0
2025-05-30 12:48:21,677 [INFO] ThirdParty:1030 - CMSIS Pack Vendor :quantropi X-CUBE-qispace-sdk-base 1.9.3
2025-05-30 12:48:21,677 [INFO] ThirdParty:1030 - CMSIS Pack Vendor :STMicroelectronics X-CUBE-BLEMGR 4.0.0
2025-05-30 12:48:21,677 [INFO] ThirdParty:1030 - CMSIS Pack Vendor :STMicroelectronics X-CUBE-EEPRMA1 5.1.0
2025-05-30 12:48:21,677 [INFO] ThirdParty:1030 - CMSIS Pack Vendor :STMicroelectronics X-CUBE-FREERTOS 1.3.1
2025-05-30 12:48:21,677 [INFO] ThirdParty:1030 - CMSIS Pack Vendor :STMicroelectronics HAL Drivers 0.0.0
2025-05-30 12:48:21,677 [INFO] ThirdParty:1030 - CMSIS Pack Vendor :STMicroelectronics MBEDTLS 2.16.2
2025-05-30 12:48:21,677 [INFO] ThirdParty:1030 - CMSIS Pack Vendor :STMicroelectronics X-CUBE-IPS 3.1.0
2025-05-30 12:48:21,677 [INFO] ThirdParty:1030 - CMSIS Pack Vendor :STMicroelectronics X-CUBE-ALS 1.0.2
2025-05-30 12:48:21,677 [INFO] ThirdParty:1030 - CMSIS Pack Vendor :emotas I-CUBE-CANOPEN 1.3.0
2025-05-30 12:48:21,677 [INFO] ThirdParty:1030 - CMSIS Pack Vendor :STMicroelectronics X-CUBE-FREERTOS 1.3.0
2025-05-30 12:48:21,677 [INFO] ThirdParty:1030 - CMSIS Pack Vendor :STMicroelectronics X-CUBE-NFC7 1.0.1
2025-05-30 12:48:21,677 [INFO] ThirdParty:1030 - CMSIS Pack Vendor :STMicroelectronics MBEDTLS 2.14.1
2025-05-30 12:48:21,677 [INFO] ThirdParty:1030 - CMSIS Pack Vendor :wolfSSL I-CUBE-wolfSSL 5.7.6
2025-05-30 12:48:21,677 [INFO] ThirdParty:1030 - CMSIS Pack Vendor :ITTIA_DB I-CUBE-ITTIADB 8.9.0
2025-05-30 12:48:21,677 [INFO] ThirdParty:1030 - CMSIS Pack Vendor :STMicroelectronics X-CUBE-TOUCHGFX 4.24.2
2025-05-30 12:48:21,677 [INFO] ThirdParty:1030 - CMSIS Pack Vendor :portGmbH I-Cube-SoM-uGOAL 1.1.0
2025-05-30 12:48:21,677 [INFO] ThirdParty:1030 - CMSIS Pack Vendor :STMicroelectronics X-CUBE-AI 10.0.0
2025-05-30 12:48:21,677 [INFO] ThirdParty:1030 - CMSIS Pack Vendor :STMicroelectronics ThreadX 1.0.0
2025-05-30 12:48:21,677 [INFO] ThirdParty:1030 - CMSIS Pack Vendor :STMicroelectronics FP-SNS-SMARTAG2 1.2.0
2025-05-30 12:48:21,677 [INFO] ThirdParty:1030 - CMSIS Pack Vendor :STMicroelectronics FP-SNS-FLIGHT1 5.1.0
2025-05-30 12:48:21,677 [INFO] ThirdParty:1030 - CMSIS Pack Vendor :STMicroelectronics X-CUBE-MEMS1 11.1.0
2025-05-30 12:48:21,677 [INFO] ThirdParty:1030 - CMSIS Pack Vendor :STMicroelectronics X-CUBE-AZRTOS-WL 2.0.0
2025-05-30 12:48:21,677 [INFO] ThirdParty:1030 - CMSIS Pack Vendor :SEGGER I-CUBE-embOS 1.3.1
2025-05-30 12:48:21,677 [INFO] ThirdParty:1030 - CMSIS Pack Vendor :STMicroelectronics X-CUBE-ALGOBUILD 1.4.0
2025-05-30 12:48:21,677 [INFO] ThirdParty:1030 - CMSIS Pack Vendor :STMicroelectronics X-CUBE-DPower 1.3.0
2025-05-30 12:48:21,677 [INFO] ThirdParty:1030 - CMSIS Pack Vendor :STMicroelectronics FP-SNS-MOTENV1 5.0.0
2025-05-30 12:48:21,677 [INFO] ThirdParty:1030 - CMSIS Pack Vendor :STMicroelectronics USB_DEVICE 1.0.0
2025-05-30 12:48:21,677 [INFO] ThirdParty:1030 - CMSIS Pack Vendor :STMicroelectronics X-CUBE-AZRTOS-H7RS 1.0.0
2025-05-30 12:48:21,677 [INFO] ThirdParty:1030 - CMSIS Pack Vendor :STMicroelectronics X-CUBE-AZRTOS-L4 2.0.0
2025-05-30 12:48:21,677 [INFO] ThirdParty:1030 - CMSIS Pack Vendor :STMicroelectronics ThreadX 0.0.2
2025-05-30 12:48:21,677 [INFO] ThirdParty:1030 - CMSIS Pack Vendor :WES I-CUBE-Cesium 1.3.0
2025-05-30 12:48:21,677 [INFO] ThirdParty:1030 - CMSIS Pack Vendor :STMicroelectronics lwIP 2.1.2
2025-05-30 12:48:21,677 [INFO] ThirdParty:1030 - CMSIS Pack Vendor :STMicroelectronics X-CUBE-SFXS2LP1 4.0.0
2025-05-30 12:48:21,677 [INFO] ThirdParty:1030 - CMSIS Pack Vendor :STMicroelectronics X-CUBE-BLE2 3.3.0
2025-05-30 12:48:21,677 [INFO] ThirdParty:1030 - CMSIS Pack Vendor :STMicroelectronics X-CUBE-TOF1 3.4.2
2025-05-30 12:48:21,677 [INFO] ThirdParty:1030 - CMSIS Pack Vendor :STMicroelectronics X-CUBE-TOF1 3.4.3
2025-05-30 12:48:21,677 [INFO] ThirdParty:1030 - CMSIS Pack Vendor :STMicroelectronics PDM2PCM 3.2.0
2025-05-30 12:48:21,678 [INFO] ThirdParty:841 - exiting critical section [change project]
2025-05-30 12:48:21,829 [INFO] PinOutPanel:1589 - setPackage(No Configuration,No Configuration)
2025-05-30 12:48:21,830 [INFO] PinOutPanel:1589 - setPackage(STM32WB55CGUx,UFQFPN48)
2025-05-30 12:48:22,095 [INFO] UtilMem:75 - Before build in PCC Used Memory: 749919680 Bytes (1073741824)
