2025-06-04 04:00:49,841 [INFO] WebApp:191 - Connection restablished
2025-06-04 04:00:52,908 [INFO] WebApp:194 - Connection lost
2025-06-04 04:00:53,181 [INFO] WebApp:191 - Connection restablished
2025-06-04 05:58:38,516 [INFO] UtilMem:75 - End SaveConfig() Used Memory: 596879568 Bytes (1073741824)
2025-06-04 05:58:39,864 [INFO] UtilMem:75 - End SaveConfig() Used Memory: 619038784 Bytes (1073741824)
2025-06-04 05:58:41,724 [INFO] UtilMem:75 - End SaveConfig() Used Memory: 655460920 Bytes (1073741824)
2025-06-04 05:58:42,105 [INFO] BlockDiagram:2775 - set Specific Code input for plugin: RTC
2025-06-04 05:58:42,106 [INFO] BlockDiagram:2775 - set Specific Code input for plugin: SPI
2025-06-04 05:58:42,106 [INFO] BlockDiagram:2775 - set Specific Code input for plugin: NVIC
2025-06-04 05:58:42,106 [INFO] BlockDiagram:2775 - set Specific Code input for plugin: SEQUENCER
2025-06-04 05:58:42,106 [INFO] BlockDiagram:2775 - set Specific Code input for plugin: STM32_WPAN
2025-06-04 05:58:42,106 [INFO] BlockDiagram:2775 - set Specific Code input for plugin: USART
2025-06-04 05:58:42,106 [INFO] BlockDiagram:2775 - set Specific Code input for plugin: HSEM
2025-06-04 05:58:42,107 [INFO] BlockDiagram:2775 - set Specific Code input for plugin: DMA
2025-06-04 05:58:42,107 [INFO] BlockDiagram:2775 - set Specific Code input for plugin: MEMORYMAP
2025-06-04 05:58:42,107 [INFO] BlockDiagram:2775 - set Specific Code input for plugin: USB_Device
2025-06-04 05:58:42,107 [INFO] BlockDiagram:2775 - set Specific Code input for plugin: IPCC
2025-06-04 05:58:42,107 [INFO] BlockDiagram:2775 - set Specific Code input for plugin: USB
2025-06-04 05:58:42,107 [INFO] BlockDiagram:2775 - set Specific Code input for plugin: SYS
2025-06-04 05:58:42,108 [INFO] BlockDiagram:2775 - set Specific Code input for plugin: GPIO
2025-06-04 05:58:42,108 [INFO] BlockDiagram:2775 - set Specific Code input for plugin: RCC
2025-06-04 05:58:42,108 [INFO] BlockDiagram:2775 - set Specific Code input for plugin: RF
2025-06-04 05:58:42,108 [INFO] BlockDiagram:2775 - set Specific Code input for plugin: I2C
2025-06-04 05:58:42,108 [INFO] BlockDiagram:2775 - set Specific Code input for plugin: TINY_LPM
2025-06-04 05:58:42,109 [INFO] CodeGenerator:882 - code generatio: config db path: C:\ST\STM32CubeIDE_1.18.0\STM32CubeIDE\plugins\com.st.stm32cube.common.mx_6.14.0.202502271554\\db\
2025-06-04 05:58:42,195 [WARN] IP:2250 - SERVICE2_UUID not found: check if there is a RefParameter without a condition.
2025-06-04 05:58:42,199 [WARN] IP:2250 - SERVICE3_UUID not found: check if there is a RefParameter without a condition.
2025-06-04 05:58:42,203 [WARN] IP:2250 - SERVICE4_UUID not found: check if there is a RefParameter without a condition.
2025-06-04 05:58:42,207 [WARN] IP:2250 - SERVICE5_UUID not found: check if there is a RefParameter without a condition.
2025-06-04 05:58:42,289 [INFO] Argument:325 - Argument : hdmavalue: null
2025-06-04 05:58:42,289 [INFO] Argument:327 - 	 sub Args: 
2025-06-04 05:58:42,289 [INFO] Argument:325 - Argument : Instancevalue: DMA1_Channel1
2025-06-04 05:58:42,290 [INFO] Argument:335 - Argument : Instancevalue: DMA1_Channel1
2025-06-04 05:58:42,290 [INFO] Argument:325 - Argument : Initvalue: null
2025-06-04 05:58:42,290 [INFO] Argument:327 - 	 sub Args: 
2025-06-04 05:58:42,290 [INFO] Argument:325 - Argument : Requestvalue: DMA_REQUEST_USART1_TX
2025-06-04 05:58:42,290 [INFO] Argument:335 - Argument : Requestvalue: DMA_REQUEST_USART1_TX
2025-06-04 05:58:42,290 [INFO] Argument:325 - Argument : Directionvalue: DMA_MEMORY_TO_PERIPH
2025-06-04 05:58:42,290 [INFO] Argument:335 - Argument : Directionvalue: DMA_MEMORY_TO_PERIPH
2025-06-04 05:58:42,290 [INFO] Argument:325 - Argument : PeriphIncvalue: DMA_PINC_DISABLE
2025-06-04 05:58:42,291 [INFO] Argument:335 - Argument : PeriphIncvalue: DMA_PINC_DISABLE
2025-06-04 05:58:42,291 [INFO] Argument:325 - Argument : MemIncvalue: DMA_MINC_ENABLE
2025-06-04 05:58:42,291 [INFO] Argument:335 - Argument : MemIncvalue: DMA_MINC_ENABLE
2025-06-04 05:58:42,291 [INFO] Argument:325 - Argument : PeriphDataAlignmentvalue: DMA_PDATAALIGN_BYTE
2025-06-04 05:58:42,291 [INFO] Argument:335 - Argument : PeriphDataAlignmentvalue: DMA_PDATAALIGN_BYTE
2025-06-04 05:58:42,291 [INFO] Argument:325 - Argument : MemDataAlignmentvalue: DMA_MDATAALIGN_BYTE
2025-06-04 05:58:42,291 [INFO] Argument:335 - Argument : MemDataAlignmentvalue: DMA_MDATAALIGN_BYTE
2025-06-04 05:58:42,291 [INFO] Argument:325 - Argument : Modevalue: DMA_NORMAL
2025-06-04 05:58:42,291 [INFO] Argument:335 - Argument : Modevalue: DMA_NORMAL
2025-06-04 05:58:42,291 [INFO] Argument:325 - Argument : Priorityvalue: DMA_PRIORITY_LOW
2025-06-04 05:58:42,292 [INFO] Argument:335 - Argument : Priorityvalue: DMA_PRIORITY_LOW
2025-06-04 05:58:42,292 [INFO] Argument:325 - Argument : Lockvalue: null
2025-06-04 05:58:42,292 [INFO] Argument:335 - Argument : Lockvalue: null
2025-06-04 05:58:42,292 [INFO] Argument:325 - Argument : Statevalue: null
2025-06-04 05:58:42,292 [INFO] Argument:335 - Argument : Statevalue: null
2025-06-04 05:58:42,292 [INFO] Argument:325 - Argument : Parentvalue: null
2025-06-04 05:58:42,292 [INFO] Argument:335 - Argument : Parentvalue: null
2025-06-04 05:58:42,292 [INFO] Argument:325 - Argument : XferCpltCallbackvalue: null
2025-06-04 05:58:42,292 [INFO] Argument:335 - Argument : XferCpltCallbackvalue: null
2025-06-04 05:58:42,292 [INFO] Argument:325 - Argument : XferHalfCpltCallbackvalue: null
2025-06-04 05:58:42,292 [INFO] Argument:335 - Argument : XferHalfCpltCallbackvalue: null
2025-06-04 05:58:42,292 [INFO] Argument:325 - Argument : XferErrorCallbackvalue: null
2025-06-04 05:58:42,292 [INFO] Argument:335 - Argument : XferErrorCallbackvalue: null
2025-06-04 05:58:42,293 [INFO] Argument:325 - Argument : XferAbortCallbackvalue: null
2025-06-04 05:58:42,293 [INFO] Argument:335 - Argument : XferAbortCallbackvalue: null
2025-06-04 05:58:42,293 [INFO] Argument:325 - Argument : ErrorCodevalue: null
2025-06-04 05:58:42,293 [INFO] Argument:335 - Argument : ErrorCodevalue: null
2025-06-04 05:58:42,293 [INFO] Argument:325 - Argument : DmaBaseAddressvalue: null
2025-06-04 05:58:42,293 [INFO] Argument:335 - Argument : DmaBaseAddressvalue: null
2025-06-04 05:58:42,293 [INFO] Argument:325 - Argument : ChannelIndexvalue: null
2025-06-04 05:58:42,293 [INFO] Argument:335 - Argument : ChannelIndexvalue: null
2025-06-04 05:58:42,293 [INFO] Argument:325 - Argument : DMAmuxChannelvalue: null
2025-06-04 05:58:42,293 [INFO] Argument:335 - Argument : DMAmuxChannelvalue: null
2025-06-04 05:58:42,293 [INFO] Argument:325 - Argument : DMAmuxChannelStatusvalue: null
2025-06-04 05:58:42,293 [INFO] Argument:335 - Argument : DMAmuxChannelStatusvalue: null
2025-06-04 05:58:42,293 [INFO] Argument:325 - Argument : DMAmuxChannelStatusMaskvalue: null
2025-06-04 05:58:42,293 [INFO] Argument:335 - Argument : DMAmuxChannelStatusMaskvalue: null
2025-06-04 05:58:42,294 [INFO] Argument:325 - Argument : DMAmuxRequestGenvalue: null
2025-06-04 05:58:42,294 [INFO] Argument:335 - Argument : DMAmuxRequestGenvalue: null
2025-06-04 05:58:42,294 [INFO] Argument:325 - Argument : DMAmuxRequestGenStatusvalue: null
2025-06-04 05:58:42,294 [INFO] Argument:335 - Argument : DMAmuxRequestGenStatusvalue: null
2025-06-04 05:58:42,294 [INFO] Argument:325 - Argument : DMAmuxRequestGenStatusMaskvalue: null
2025-06-04 05:58:42,294 [INFO] Argument:335 - Argument : DMAmuxRequestGenStatusMaskvalue: null
2025-06-04 05:58:42,403 [INFO] CodeEngine:263 - oldGeneratedFile, C:\Users\jaowe\Documents\Projects\DeltaTPlusFirmware\DeltaTPlus\MXTmpFiles\license.tmp_save
2025-06-04 05:58:42,651 [INFO] CodeEngine:287 - Generated code: C:\Users\jaowe\Documents\Projects\DeltaTPlusFirmware\DeltaTPlus\MXTmpFiles\license.tmp
2025-06-04 05:58:42,776 [INFO] CodeEngine:263 - oldGeneratedFile, C:\Users\jaowe\Documents\Projects\DeltaTPlusFirmware\DeltaTPlus\Core\Src\gpio.c_save
2025-06-04 05:58:42,925 [INFO] CodeEngine:287 - Generated code: C:\Users\jaowe\Documents\Projects\DeltaTPlusFirmware\DeltaTPlus\Core\Src\gpio.c
2025-06-04 05:58:42,933 [INFO] CodeEngine:263 - oldGeneratedFile, C:\Users\jaowe\Documents\Projects\DeltaTPlusFirmware\DeltaTPlus\Core\Inc\gpio.h_save
2025-06-04 05:58:43,031 [INFO] CodeEngine:287 - Generated code: C:\Users\jaowe\Documents\Projects\DeltaTPlusFirmware\DeltaTPlus\Core\Inc\gpio.h
2025-06-04 05:58:43,263 [INFO] CodeEngine:263 - oldGeneratedFile, C:\Users\jaowe\Documents\Projects\DeltaTPlusFirmware\DeltaTPlus\MXTmpFiles\usb_vars.tmp_save
2025-06-04 05:58:43,361 [INFO] CodeEngine:287 - Generated code: C:\Users\jaowe\Documents\Projects\DeltaTPlusFirmware\DeltaTPlus\MXTmpFiles\usb_vars.tmp
2025-06-04 05:58:43,364 [INFO] CodeEngine:263 - oldGeneratedFile, C:\Users\jaowe\Documents\Projects\DeltaTPlusFirmware\DeltaTPlus\MXTmpFiles\usb_inc.tmp_save
2025-06-04 05:58:43,440 [INFO] CodeEngine:287 - Generated code: C:\Users\jaowe\Documents\Projects\DeltaTPlusFirmware\DeltaTPlus\MXTmpFiles\usb_inc.tmp
2025-06-04 05:58:43,445 [INFO] CodeEngine:263 - oldGeneratedFile, C:\Users\jaowe\Documents\Projects\DeltaTPlusFirmware\DeltaTPlus\MXTmpFiles\usb_HalInit.tmp_save
2025-06-04 05:58:43,552 [INFO] CodeEngine:287 - Generated code: C:\Users\jaowe\Documents\Projects\DeltaTPlusFirmware\DeltaTPlus\MXTmpFiles\usb_HalInit.tmp
2025-06-04 05:58:43,557 [INFO] CodeEngine:263 - oldGeneratedFile, C:\Users\jaowe\Documents\Projects\DeltaTPlusFirmware\DeltaTPlus\MXTmpFiles\usb_Msp.tmp_save
2025-06-04 05:58:43,655 [INFO] CodeEngine:287 - Generated code: C:\Users\jaowe\Documents\Projects\DeltaTPlusFirmware\DeltaTPlus\MXTmpFiles\usb_Msp.tmp
2025-06-04 05:58:43,962 [WARN] IPConfigManager:103 - WARNING: Missing Config File for MEMORYMAP ip!!
2025-06-04 05:58:43,964 [WARN] IP:2250 - DefaultDataRegion not found: check if there is a RefParameter without a condition.
2025-06-04 05:58:44,047 [WARN] IPConfigManager:103 - WARNING: Missing Config File for RF ip!!
2025-06-04 05:58:44,949 [INFO] Middleware:1452 - No code input for Bsp Dependency
2025-06-04 05:58:44,994 [INFO] Middleware:1452 - No code input for Bsp Dependency
2025-06-04 05:58:45,043 [INFO] CodeEngine:263 - oldGeneratedFile, C:\Users\jaowe\Documents\Projects\DeltaTPlusFirmware\DeltaTPlus\Core\Src\dma.c_save
2025-06-04 05:58:45,125 [INFO] CodeEngine:287 - Generated code: C:\Users\jaowe\Documents\Projects\DeltaTPlusFirmware\DeltaTPlus\Core\Src\dma.c
2025-06-04 05:58:45,131 [INFO] CodeEngine:263 - oldGeneratedFile, C:\Users\jaowe\Documents\Projects\DeltaTPlusFirmware\DeltaTPlus\Core\Inc\dma.h_save
2025-06-04 05:58:45,197 [INFO] CodeEngine:287 - Generated code: C:\Users\jaowe\Documents\Projects\DeltaTPlusFirmware\DeltaTPlus\Core\Inc\dma.h
2025-06-04 05:58:45,210 [INFO] CodeEngine:263 - oldGeneratedFile, C:\Users\jaowe\Documents\Projects\DeltaTPlusFirmware\DeltaTPlus\Core\Src\i2c.c_save
2025-06-04 05:58:45,341 [INFO] CodeEngine:287 - Generated code: C:\Users\jaowe\Documents\Projects\DeltaTPlusFirmware\DeltaTPlus\Core\Src\i2c.c
2025-06-04 05:58:45,349 [INFO] CodeEngine:263 - oldGeneratedFile, C:\Users\jaowe\Documents\Projects\DeltaTPlusFirmware\DeltaTPlus\Core\Inc\i2c.h_save
2025-06-04 05:58:45,447 [INFO] CodeEngine:287 - Generated code: C:\Users\jaowe\Documents\Projects\DeltaTPlusFirmware\DeltaTPlus\Core\Inc\i2c.h
2025-06-04 05:58:45,458 [INFO] CodeEngine:263 - oldGeneratedFile, C:\Users\jaowe\Documents\Projects\DeltaTPlusFirmware\DeltaTPlus\Core\Src\ipcc.c_save
2025-06-04 05:58:45,610 [INFO] CodeEngine:287 - Generated code: C:\Users\jaowe\Documents\Projects\DeltaTPlusFirmware\DeltaTPlus\Core\Src\ipcc.c
2025-06-04 05:58:45,618 [INFO] CodeEngine:263 - oldGeneratedFile, C:\Users\jaowe\Documents\Projects\DeltaTPlusFirmware\DeltaTPlus\Core\Inc\ipcc.h_save
2025-06-04 05:58:45,726 [INFO] CodeEngine:287 - Generated code: C:\Users\jaowe\Documents\Projects\DeltaTPlusFirmware\DeltaTPlus\Core\Inc\ipcc.h
2025-06-04 05:58:45,739 [INFO] CodeEngine:263 - oldGeneratedFile, C:\Users\jaowe\Documents\Projects\DeltaTPlusFirmware\DeltaTPlus\Core\Src\memorymap.c_save
2025-06-04 05:58:45,866 [INFO] CodeEngine:287 - Generated code: C:\Users\jaowe\Documents\Projects\DeltaTPlusFirmware\DeltaTPlus\Core\Src\memorymap.c
2025-06-04 05:58:45,874 [INFO] CodeEngine:263 - oldGeneratedFile, C:\Users\jaowe\Documents\Projects\DeltaTPlusFirmware\DeltaTPlus\Core\Inc\memorymap.h_save
2025-06-04 05:58:45,945 [INFO] CodeEngine:287 - Generated code: C:\Users\jaowe\Documents\Projects\DeltaTPlusFirmware\DeltaTPlus\Core\Inc\memorymap.h
2025-06-04 05:58:45,955 [INFO] CodeEngine:263 - oldGeneratedFile, C:\Users\jaowe\Documents\Projects\DeltaTPlusFirmware\DeltaTPlus\Core\Src\rf.c_save
2025-06-04 05:58:46,030 [INFO] CodeEngine:287 - Generated code: C:\Users\jaowe\Documents\Projects\DeltaTPlusFirmware\DeltaTPlus\Core\Src\rf.c
2025-06-04 05:58:46,035 [INFO] CodeEngine:263 - oldGeneratedFile, C:\Users\jaowe\Documents\Projects\DeltaTPlusFirmware\DeltaTPlus\Core\Inc\rf.h_save
2025-06-04 05:58:46,090 [INFO] CodeEngine:287 - Generated code: C:\Users\jaowe\Documents\Projects\DeltaTPlusFirmware\DeltaTPlus\Core\Inc\rf.h
2025-06-04 05:58:46,098 [INFO] CodeEngine:263 - oldGeneratedFile, C:\Users\jaowe\Documents\Projects\DeltaTPlusFirmware\DeltaTPlus\Core\Src\rtc.c_save
2025-06-04 05:58:46,170 [INFO] CodeEngine:287 - Generated code: C:\Users\jaowe\Documents\Projects\DeltaTPlusFirmware\DeltaTPlus\Core\Src\rtc.c
2025-06-04 05:58:46,174 [INFO] CodeEngine:263 - oldGeneratedFile, C:\Users\jaowe\Documents\Projects\DeltaTPlusFirmware\DeltaTPlus\Core\Inc\rtc.h_save
2025-06-04 05:58:46,229 [INFO] CodeEngine:287 - Generated code: C:\Users\jaowe\Documents\Projects\DeltaTPlusFirmware\DeltaTPlus\Core\Inc\rtc.h
2025-06-04 05:58:46,239 [INFO] CodeEngine:263 - oldGeneratedFile, C:\Users\jaowe\Documents\Projects\DeltaTPlusFirmware\DeltaTPlus\Core\Src\spi.c_save
2025-06-04 05:58:46,306 [INFO] CodeEngine:287 - Generated code: C:\Users\jaowe\Documents\Projects\DeltaTPlusFirmware\DeltaTPlus\Core\Src\spi.c
2025-06-04 05:58:46,310 [INFO] CodeEngine:263 - oldGeneratedFile, C:\Users\jaowe\Documents\Projects\DeltaTPlusFirmware\DeltaTPlus\Core\Inc\spi.h_save
2025-06-04 05:58:46,367 [INFO] CodeEngine:287 - Generated code: C:\Users\jaowe\Documents\Projects\DeltaTPlusFirmware\DeltaTPlus\Core\Inc\spi.h
2025-06-04 05:58:46,391 [INFO] Middleware:1452 - No code input for Bsp Dependency
2025-06-04 05:58:46,426 [INFO] CodeEngine:263 - oldGeneratedFile, C:\Users\jaowe\Documents\Projects\DeltaTPlusFirmware\DeltaTPlus\Core\Inc\app_common.h_save
2025-06-04 05:58:46,476 [INFO] CodeEngine:287 - Generated code: C:\Users\jaowe\Documents\Projects\DeltaTPlusFirmware\DeltaTPlus\Core\Inc\app_common.h
2025-06-04 05:58:46,481 [INFO] CodeEngine:263 - oldGeneratedFile, C:\Users\jaowe\Documents\Projects\DeltaTPlusFirmware\DeltaTPlus\Core\Inc\app_debug.h_save
2025-06-04 05:58:46,529 [INFO] CodeEngine:287 - Generated code: C:\Users\jaowe\Documents\Projects\DeltaTPlusFirmware\DeltaTPlus\Core\Inc\app_debug.h
2025-06-04 05:58:46,535 [INFO] CodeEngine:263 - oldGeneratedFile, C:\Users\jaowe\Documents\Projects\DeltaTPlusFirmware\DeltaTPlus\Core\Inc\app_conf.h_save
2025-06-04 05:58:46,649 [INFO] CodeEngine:287 - Generated code: C:\Users\jaowe\Documents\Projects\DeltaTPlusFirmware\DeltaTPlus\Core\Inc\app_conf.h
2025-06-04 05:58:46,656 [INFO] CodeEngine:263 - oldGeneratedFile, C:\Users\jaowe\Documents\Projects\DeltaTPlusFirmware\DeltaTPlus\Core\Inc\app_entry.h_save
2025-06-04 05:58:46,714 [INFO] CodeEngine:287 - Generated code: C:\Users\jaowe\Documents\Projects\DeltaTPlusFirmware\DeltaTPlus\Core\Inc\app_entry.h
2025-06-04 05:58:46,726 [INFO] CodeEngine:263 - oldGeneratedFile, C:\Users\jaowe\Documents\Projects\DeltaTPlusFirmware\DeltaTPlus\Core\Inc\hw_conf.h_save
2025-06-04 05:58:46,795 [INFO] CodeEngine:287 - Generated code: C:\Users\jaowe\Documents\Projects\DeltaTPlusFirmware\DeltaTPlus\Core\Inc\hw_conf.h
2025-06-04 05:58:46,801 [INFO] CodeEngine:263 - oldGeneratedFile, C:\Users\jaowe\Documents\Projects\DeltaTPlusFirmware\DeltaTPlus\Core\Inc\hw_if.h_save
2025-06-04 05:58:46,855 [INFO] CodeEngine:287 - Generated code: C:\Users\jaowe\Documents\Projects\DeltaTPlusFirmware\DeltaTPlus\Core\Inc\hw_if.h
2025-06-04 05:58:46,860 [INFO] CodeEngine:263 - oldGeneratedFile, C:\Users\jaowe\Documents\Projects\DeltaTPlusFirmware\DeltaTPlus\Core\Inc\utilities_conf.h_save
2025-06-04 05:58:46,904 [INFO] CodeEngine:287 - Generated code: C:\Users\jaowe\Documents\Projects\DeltaTPlusFirmware\DeltaTPlus\Core\Inc\utilities_conf.h
2025-06-04 05:58:46,909 [INFO] CodeEngine:263 - oldGeneratedFile, C:\Users\jaowe\Documents\Projects\DeltaTPlusFirmware\DeltaTPlus\Core\Inc\stm32_lpm_if.h_save
2025-06-04 05:58:46,953 [INFO] CodeEngine:287 - Generated code: C:\Users\jaowe\Documents\Projects\DeltaTPlusFirmware\DeltaTPlus\Core\Inc\stm32_lpm_if.h
2025-06-04 05:58:46,957 [INFO] CodeEngine:263 - oldGeneratedFile, C:\Users\jaowe\Documents\Projects\DeltaTPlusFirmware\DeltaTPlus\Core\Src\app_entry.c_save
2025-06-04 05:58:47,014 [INFO] CodeEngine:287 - Generated code: C:\Users\jaowe\Documents\Projects\DeltaTPlusFirmware\DeltaTPlus\Core\Src\app_entry.c
2025-06-04 05:58:47,019 [INFO] CodeEngine:263 - oldGeneratedFile, C:\Users\jaowe\Documents\Projects\DeltaTPlusFirmware\DeltaTPlus\Core\Src\app_debug.c_save
2025-06-04 05:58:47,071 [INFO] CodeEngine:287 - Generated code: C:\Users\jaowe\Documents\Projects\DeltaTPlusFirmware\DeltaTPlus\Core\Src\app_debug.c
2025-06-04 05:58:47,077 [INFO] CodeEngine:263 - oldGeneratedFile, C:\Users\jaowe\Documents\Projects\DeltaTPlusFirmware\DeltaTPlus\Core\Src\hw_timerserver.c_save
2025-06-04 05:58:47,129 [INFO] CodeEngine:287 - Generated code: C:\Users\jaowe\Documents\Projects\DeltaTPlusFirmware\DeltaTPlus\Core\Src\hw_timerserver.c
2025-06-04 05:58:47,135 [INFO] CodeEngine:263 - oldGeneratedFile, C:\Users\jaowe\Documents\Projects\DeltaTPlusFirmware\DeltaTPlus\Core\Src\hw_uart.c_save
2025-06-04 05:58:47,181 [INFO] CodeEngine:287 - Generated code: C:\Users\jaowe\Documents\Projects\DeltaTPlusFirmware\DeltaTPlus\Core\Src\hw_uart.c
2025-06-04 05:58:47,187 [INFO] CodeEngine:263 - oldGeneratedFile, C:\Users\jaowe\Documents\Projects\DeltaTPlusFirmware\DeltaTPlus\Core\Src\stm32_lpm_if.c_save
2025-06-04 05:58:47,233 [INFO] CodeEngine:287 - Generated code: C:\Users\jaowe\Documents\Projects\DeltaTPlusFirmware\DeltaTPlus\Core\Src\stm32_lpm_if.c
2025-06-04 05:58:47,239 [INFO] CodeEngine:263 - oldGeneratedFile, C:\Users\jaowe\Documents\Projects\DeltaTPlusFirmware\DeltaTPlus\STM32_WPAN\App\app_ble.c_save
2025-06-04 05:58:47,348 [INFO] CodeEngine:287 - Generated code: C:\Users\jaowe\Documents\Projects\DeltaTPlusFirmware\DeltaTPlus\STM32_WPAN\App\app_ble.c
2025-06-04 05:58:47,354 [INFO] CodeEngine:263 - oldGeneratedFile, C:\Users\jaowe\Documents\Projects\DeltaTPlusFirmware\DeltaTPlus\STM32_WPAN\App\app_ble.h_save
2025-06-04 05:58:47,397 [INFO] CodeEngine:287 - Generated code: C:\Users\jaowe\Documents\Projects\DeltaTPlusFirmware\DeltaTPlus\STM32_WPAN\App\app_ble.h
2025-06-04 05:58:47,403 [INFO] CodeEngine:263 - oldGeneratedFile, C:\Users\jaowe\Documents\Projects\DeltaTPlusFirmware\DeltaTPlus\STM32_WPAN\App\ble_conf.h_save
2025-06-04 05:58:47,450 [INFO] CodeEngine:287 - Generated code: C:\Users\jaowe\Documents\Projects\DeltaTPlusFirmware\DeltaTPlus\STM32_WPAN\App\ble_conf.h
2025-06-04 05:58:47,455 [INFO] CodeEngine:263 - oldGeneratedFile, C:\Users\jaowe\Documents\Projects\DeltaTPlusFirmware\DeltaTPlus\STM32_WPAN\App\ble_dbg_conf.h_save
2025-06-04 05:58:47,499 [INFO] CodeEngine:287 - Generated code: C:\Users\jaowe\Documents\Projects\DeltaTPlusFirmware\DeltaTPlus\STM32_WPAN\App\ble_dbg_conf.h
2025-06-04 05:58:47,505 [INFO] CodeEngine:263 - oldGeneratedFile, C:\Users\jaowe\Documents\Projects\DeltaTPlusFirmware\DeltaTPlus\STM32_WPAN\App\tl_dbg_conf.h_save
2025-06-04 05:58:47,549 [INFO] CodeEngine:287 - Generated code: C:\Users\jaowe\Documents\Projects\DeltaTPlusFirmware\DeltaTPlus\STM32_WPAN\App\tl_dbg_conf.h
2025-06-04 05:58:47,553 [INFO] CodeEngine:263 - oldGeneratedFile, C:\Users\jaowe\Documents\Projects\DeltaTPlusFirmware\DeltaTPlus\STM32_WPAN\App\template_server_app.h_save
2025-06-04 05:58:47,596 [INFO] CodeEngine:287 - Generated code: C:\Users\jaowe\Documents\Projects\DeltaTPlusFirmware\DeltaTPlus\STM32_WPAN\App\template_server_app.h
2025-06-04 05:58:47,603 [INFO] CodeEngine:263 - oldGeneratedFile, C:\Users\jaowe\Documents\Projects\DeltaTPlusFirmware\DeltaTPlus\STM32_WPAN\App\custom_stm.c_save
2025-06-04 05:58:48,628 [INFO] CodeEngine:287 - Generated code: C:\Users\jaowe\Documents\Projects\DeltaTPlusFirmware\DeltaTPlus\STM32_WPAN\App\custom_stm.c
2025-06-04 05:58:48,633 [INFO] CodeEngine:263 - oldGeneratedFile, C:\Users\jaowe\Documents\Projects\DeltaTPlusFirmware\DeltaTPlus\STM32_WPAN\App\custom_stm.h_save
2025-06-04 05:58:48,800 [INFO] CodeEngine:287 - Generated code: C:\Users\jaowe\Documents\Projects\DeltaTPlusFirmware\DeltaTPlus\STM32_WPAN\App\custom_stm.h
2025-06-04 05:58:48,805 [INFO] CodeEngine:263 - oldGeneratedFile, C:\Users\jaowe\Documents\Projects\DeltaTPlusFirmware\DeltaTPlus\STM32_WPAN\App\custom_app.c_save
2025-06-04 05:58:48,957 [INFO] CodeEngine:287 - Generated code: C:\Users\jaowe\Documents\Projects\DeltaTPlusFirmware\DeltaTPlus\STM32_WPAN\App\custom_app.c
2025-06-04 05:58:48,961 [INFO] CodeEngine:263 - oldGeneratedFile, C:\Users\jaowe\Documents\Projects\DeltaTPlusFirmware\DeltaTPlus\STM32_WPAN\App\custom_app.h_save
2025-06-04 05:58:49,005 [INFO] CodeEngine:287 - Generated code: C:\Users\jaowe\Documents\Projects\DeltaTPlusFirmware\DeltaTPlus\STM32_WPAN\App\custom_app.h
2025-06-04 05:58:49,009 [INFO] CodeEngine:263 - oldGeneratedFile, C:\Users\jaowe\Documents\Projects\DeltaTPlusFirmware\DeltaTPlus\STM32_WPAN\Target\hw_ipcc.c_save
2025-06-04 05:58:49,057 [INFO] CodeEngine:287 - Generated code: C:\Users\jaowe\Documents\Projects\DeltaTPlusFirmware\DeltaTPlus\STM32_WPAN\Target\hw_ipcc.c
2025-06-04 05:58:49,064 [INFO] CodeEngine:263 - oldGeneratedFile, C:\Users\jaowe\Documents\Projects\DeltaTPlusFirmware\DeltaTPlus\Core\Src\usart.c_save
2025-06-04 05:58:49,137 [INFO] CodeEngine:287 - Generated code: C:\Users\jaowe\Documents\Projects\DeltaTPlusFirmware\DeltaTPlus\Core\Src\usart.c
2025-06-04 05:58:49,141 [INFO] CodeEngine:263 - oldGeneratedFile, C:\Users\jaowe\Documents\Projects\DeltaTPlusFirmware\DeltaTPlus\Core\Inc\usart.h_save
2025-06-04 05:58:49,183 [INFO] CodeEngine:287 - Generated code: C:\Users\jaowe\Documents\Projects\DeltaTPlusFirmware\DeltaTPlus\Core\Inc\usart.h
2025-06-04 05:58:49,189 [INFO] Middleware:1452 - No code input for Bsp Dependency
2025-06-04 05:58:49,195 [INFO] CodeEngine:263 - oldGeneratedFile, C:\Users\jaowe\Documents\Projects\DeltaTPlusFirmware\DeltaTPlus\USB_Device\App\usb_device.c_save
2025-06-04 05:58:49,262 [INFO] CodeEngine:287 - Generated code: C:\Users\jaowe\Documents\Projects\DeltaTPlusFirmware\DeltaTPlus\USB_Device\App\usb_device.c
2025-06-04 05:58:49,266 [INFO] CodeEngine:263 - oldGeneratedFile, C:\Users\jaowe\Documents\Projects\DeltaTPlusFirmware\DeltaTPlus\USB_Device\App\usb_device.h_save
2025-06-04 05:58:49,312 [INFO] CodeEngine:287 - Generated code: C:\Users\jaowe\Documents\Projects\DeltaTPlusFirmware\DeltaTPlus\USB_Device\App\usb_device.h
2025-06-04 05:58:49,317 [INFO] CodeEngine:263 - oldGeneratedFile, C:\Users\jaowe\Documents\Projects\DeltaTPlusFirmware\DeltaTPlus\USB_Device\Target\usbd_conf.h_save
2025-06-04 05:58:49,359 [INFO] CodeEngine:287 - Generated code: C:\Users\jaowe\Documents\Projects\DeltaTPlusFirmware\DeltaTPlus\USB_Device\Target\usbd_conf.h
2025-06-04 05:58:49,364 [INFO] CodeEngine:263 - oldGeneratedFile, C:\Users\jaowe\Documents\Projects\DeltaTPlusFirmware\DeltaTPlus\USB_Device\Target\usbd_conf.c_save
2025-06-04 05:58:49,417 [INFO] CodeEngine:287 - Generated code: C:\Users\jaowe\Documents\Projects\DeltaTPlusFirmware\DeltaTPlus\USB_Device\Target\usbd_conf.c
2025-06-04 05:58:49,422 [INFO] CodeEngine:263 - oldGeneratedFile, C:\Users\jaowe\Documents\Projects\DeltaTPlusFirmware\DeltaTPlus\USB_Device\App\usbd_desc.h_save
2025-06-04 05:58:49,465 [INFO] CodeEngine:287 - Generated code: C:\Users\jaowe\Documents\Projects\DeltaTPlusFirmware\DeltaTPlus\USB_Device\App\usbd_desc.h
2025-06-04 05:58:49,469 [INFO] CodeEngine:263 - oldGeneratedFile, C:\Users\jaowe\Documents\Projects\DeltaTPlusFirmware\DeltaTPlus\USB_Device\App\usbd_desc.c_save
2025-06-04 05:58:49,515 [INFO] CodeEngine:287 - Generated code: C:\Users\jaowe\Documents\Projects\DeltaTPlusFirmware\DeltaTPlus\USB_Device\App\usbd_desc.c
2025-06-04 05:58:49,520 [INFO] CodeEngine:263 - oldGeneratedFile, C:\Users\jaowe\Documents\Projects\DeltaTPlusFirmware\DeltaTPlus\USB_Device\App\usbd_cdc_if.h_save
2025-06-04 05:58:49,563 [INFO] CodeEngine:287 - Generated code: C:\Users\jaowe\Documents\Projects\DeltaTPlusFirmware\DeltaTPlus\USB_Device\App\usbd_cdc_if.h
2025-06-04 05:58:49,568 [INFO] CodeEngine:263 - oldGeneratedFile, C:\Users\jaowe\Documents\Projects\DeltaTPlusFirmware\DeltaTPlus\USB_Device\App\usbd_cdc_if.c_save
2025-06-04 05:58:49,614 [INFO] CodeEngine:287 - Generated code: C:\Users\jaowe\Documents\Projects\DeltaTPlusFirmware\DeltaTPlus\USB_Device\App\usbd_cdc_if.c
2025-06-04 05:58:49,627 [INFO] CodeEngine:263 - oldGeneratedFile, C:\Users\jaowe\Documents\Projects\DeltaTPlusFirmware\DeltaTPlus\Core\Src\stm32wbxx_it.c_save
2025-06-04 05:58:49,755 [INFO] CodeEngine:287 - Generated code: C:\Users\jaowe\Documents\Projects\DeltaTPlusFirmware\DeltaTPlus\Core\Src\stm32wbxx_it.c
2025-06-04 05:58:49,761 [INFO] CodeEngine:263 - oldGeneratedFile, C:\Users\jaowe\Documents\Projects\DeltaTPlusFirmware\DeltaTPlus\Core\Inc\stm32wbxx_it.h_save
2025-06-04 05:58:49,811 [INFO] CodeEngine:287 - Generated code: C:\Users\jaowe\Documents\Projects\DeltaTPlusFirmware\DeltaTPlus\Core\Inc\stm32wbxx_it.h
2025-06-04 05:58:49,828 [INFO] CodeEngine:263 - oldGeneratedFile, C:\Users\jaowe\Documents\Projects\DeltaTPlusFirmware\DeltaTPlus\Core\Src\stm32wbxx_hal_msp.c_save
2025-06-04 05:58:49,905 [INFO] CodeEngine:287 - Generated code: C:\Users\jaowe\Documents\Projects\DeltaTPlusFirmware\DeltaTPlus\Core\Src\stm32wbxx_hal_msp.c
2025-06-04 05:58:49,908 [INFO] CodeEngine:263 - oldGeneratedFile, C:\Users\jaowe\Documents\Projects\DeltaTPlusFirmware\DeltaTPlus\MXTmpFiles\system.tmp_save
2025-06-04 05:58:49,964 [INFO] CodeEngine:287 - Generated code: C:\Users\jaowe\Documents\Projects\DeltaTPlusFirmware\DeltaTPlus\MXTmpFiles\system.tmp
2025-06-04 05:58:49,975 [INFO] CodeEngine:319 - oldGeneratedFile, C:\Users\jaowe\Documents\Projects\DeltaTPlusFirmware\DeltaTPlus\Core\Inc\stm32wbxx_hal_conf.h_save
2025-06-04 05:58:50,050 [INFO] CodeEngine:343 - Generated code: C:\Users\jaowe\Documents\Projects\DeltaTPlusFirmware\DeltaTPlus\Core\Inc\stm32wbxx_hal_conf.h
2025-06-04 05:58:50,061 [WARN] IPConfigManager:3174 - Warning: the RefConfig RCC_PClockConfig is not available in your config.xml file
2025-06-04 05:58:50,067 [ERROR] ApiDbMcu:464 - Can't load MEMORYMAP-STM32xx root dir null
2025-06-04 05:58:50,068 [ERROR] ApiDbMcu:536 - Cannot parse MEMORYMAP_Config file : file do not exist
2025-06-04 05:58:50,068 [ERROR] ApiDbMcu:536 - Cannot parse RF_Config file : file do not exist
2025-06-04 05:58:50,078 [INFO] CodeEngine:263 - oldGeneratedFile, C:\Users\jaowe\Documents\Projects\DeltaTPlusFirmware\DeltaTPlus\Core\Inc\main.h_save
2025-06-04 05:58:50,145 [INFO] CodeEngine:287 - Generated code: C:\Users\jaowe\Documents\Projects\DeltaTPlusFirmware\DeltaTPlus\Core\Inc\main.h
2025-06-04 05:58:50,154 [INFO] CodeEngine:263 - oldGeneratedFile, C:\Users\jaowe\Documents\Projects\DeltaTPlusFirmware\DeltaTPlus\Core\Src\main.c_save
2025-06-04 05:58:50,239 [INFO] CodeEngine:287 - Generated code: C:\Users\jaowe\Documents\Projects\DeltaTPlusFirmware\DeltaTPlus\Core\Src\main.c
2025-06-04 05:58:50,774 [INFO] ProjectBuilder:3324 - Time for Copy HAL[1] : 358mS.
2025-06-04 05:58:50,783 [INFO] ProjectBuilder:4912 - Project Generator version: 4.6.0-B36
2025-06-04 05:58:50,863 [INFO] ConfigFileManager:1590 - The Die is : DIE495
2025-06-04 05:58:52,711 [INFO] ProjectBuilder:5191 - Time for Generating toolchain IDE Files: 1928mS.
2025-06-04 05:58:52,712 [INFO] ProjectBuilder:3181 - Time for Copy CMSIS : 1mS.
2025-06-04 05:58:52,728 [INFO] ProjectBuilder:3181 - Time for Copy CMSIS : 0mS.
